<?xml version="1.0" encoding="UTF-8"?>
<testsuite name="com.tradebot.LiveTradingPreflightServiceTest" tests="3" skipped="0" failures="0" errors="0" timestamp="2026-03-07T17:51:31" hostname="CamaltekiMacBook-Pro.local" time="0.054">
  <properties/>
  <testcase name="readOnlyModeSurfacesExactRuntimeBlocker()" classname="com.tradebot.LiveTradingPreflightServiceTest" time="0.05"/>
  <testcase name="duplicateActiveExecutionSetsRuntimeDuplicateBlocker()" classname="com.tradebot.LiveTradingPreflightServiceTest" time="0.002"/>
  <testcase name="ipAllowlistFailureIsNotMislabeledAsGenericAuth()" classname="com.tradebot.LiveTradingPreflightServiceTest" time="0.002"/>
  <system-out><![CDATA[]]></system-out>
  <system-err><![CDATA[]]></system-err>
</testsuite>
