<?xml version="1.0" encoding="UTF-8"?>
<testsuite name="com.tradebot.OperatorPermissionControllerWebMvcTest" tests="3" skipped="0" failures="0" errors="0" timestamp="2026-03-01T11:52:35" hostname="CamaltekiMacBook-Pro.local" time="0.011">
  <properties/>
  <testcase name="localhostPermissionUpdateSucceedsWithoutAdminToken()" classname="com.tradebot.OperatorPermissionControllerWebMvcTest" time="0.007"/>
  <testcase name="nonLocalPermissionUpdateIsBlocked()" classname="com.tradebot.OperatorPermissionControllerWebMvcTest" time="0.003"/>
  <testcase name="getPermissionsReturnsArrayShapeWithItems()" classname="com.tradebot.OperatorPermissionControllerWebMvcTest" time="0.001"/>
  <system-out><![CDATA[2026-03-01T15:52:35.398+04:00  INFO 64082 --- [trade-bot] [    Test worker] t.c.s.AnnotationConfigContextLoaderUtils : Could not detect default configuration classes for test class [com.tradebot.OperatorPermissionControllerWebMvcTest]: OperatorPermissionControllerWebMvcTest does not declare any static, non-private, non-final, nested classes annotated with @Configuration.
2026-03-01T15:52:35.400+04:00  INFO 64082 --- [trade-bot] [    Test worker] .b.t.c.SpringBootTestContextBootstrapper : Found @SpringBootConfiguration com.tradebot.TradeBotApplication for test class com.tradebot.OperatorPermissionControllerWebMvcTest

  .   ____          _            __ _ _
 /\\ / ___'_ __ _ _(_)_ __  __ _ \ \ \ \
( ( )\___ | '_ | '_| | '_ \/ _` | \ \ \ \
 \\/  ___)| |_)| | | | | || (_| |  ) ) ) )
  '  |____| .__|_| |_|_| |_\__, | / / / /
 =========|_|==============|___/=/_/_/_/
 :: Spring Boot ::                (v3.2.4)

2026-03-01T15:52:35.407+04:00  INFO 64082 --- [trade-bot] [    Test worker] t.OperatorPermissionControllerWebMvcTest : Starting OperatorPermissionControllerWebMvcTest using Java 21.0.9 with PID 64082 (started by camal in /Users/camal/Documents/trade/trade bot)
2026-03-01T15:52:35.407+04:00  INFO 64082 --- [trade-bot] [    Test worker] t.OperatorPermissionControllerWebMvcTest : No active profile set, falling back to 1 default profile: "default"
2026-03-01T15:52:35.466+04:00  INFO 64082 --- [trade-bot] [    Test worker] o.s.b.t.m.w.SpringBootMockServletContext : Initializing Spring TestDispatcherServlet ''
2026-03-01T15:52:35.466+04:00  INFO 64082 --- [trade-bot] [    Test worker] o.s.t.web.servlet.TestDispatcherServlet  : Initializing Servlet ''
2026-03-01T15:52:35.466+04:00  INFO 64082 --- [trade-bot] [    Test worker] o.s.t.web.servlet.TestDispatcherServlet  : Completed initialization in 0 ms
2026-03-01T15:52:35.468+04:00  INFO 64082 --- [trade-bot] [    Test worker] t.OperatorPermissionControllerWebMvcTest : Started OperatorPermissionControllerWebMvcTest in 0.067 seconds (process running for 3.244)
2026-03-01T15:52:35.477+04:00  WARN 64082 --- [trade-bot] [    Test worker] c.t.exception.GlobalExceptionHandler     : [TraceID: b5f00155-e0d5-467a-b470-0a868ffa007b] Forbidden non-local mutation at /api/v1/operator/permissions remote=10.0.0.5 origin=http://evil.com
]]></system-out>
  <system-err><![CDATA[]]></system-err>
</testsuite>
