<?xml version="1.0" encoding="UTF-8"?>
<testsuite name="com.tradebot.AiPropertiesBindingTest" tests="2" skipped="0" failures="0" errors="0" timestamp="2026-03-01T11:52:34" hostname="CamaltekiMacBook-Pro.local" time="0.004">
  <properties/>
  <testcase name="bindsCamelCaseDemoAiRootAsRelaxedName()" classname="com.tradebot.AiPropertiesBindingTest" time="0.002"/>
  <testcase name="bindsAiAndDemoAiRoutingProperties()" classname="com.tradebot.AiPropertiesBindingTest" time="0.002"/>
  <system-out><![CDATA[]]></system-out>
  <system-err><![CDATA[]]></system-err>
</testsuite>
