<?xml version="1.0" encoding="UTF-8"?>
<testsuite name="com.tradebot.StrategyMathTest" tests="3" skipped="0" failures="0" errors="0" timestamp="2026-03-08T11:34:25" hostname="CamaltekiMacBook-Pro.local" time="0.001">
  <properties/>
  <testcase name="testFibonacciCalculator()" classname="com.tradebot.StrategyMathTest" time="0.0"/>
  <testcase name="testFractalDetector()" classname="com.tradebot.StrategyMathTest" time="0.001"/>
  <testcase name="testRiskAndSizingCalculatorLimits()" classname="com.tradebot.StrategyMathTest" time="0.0"/>
  <system-out><![CDATA[]]></system-out>
  <system-err><![CDATA[]]></system-err>
</testsuite>
