<?xml version="1.0" encoding="UTF-8"?>
<testsuite name="com.tradebot.DemoTradeClosedEventListenerTest" tests="1" skipped="0" failures="0" errors="0" timestamp="2026-03-09T19:39:40" hostname="CamaltekiMacBook-Pro.local" time="0.021">
  <properties/>
  <testcase name="listenerSwallowsAiErrorsSoLifecycleCannotBreak()" classname="com.tradebot.DemoTradeClosedEventListenerTest" time="0.021"/>
  <system-out><![CDATA[2026-03-09T23:39:40.279+04:00  WARN 84573 --- [    Test worker] c.t.d.s.DemoTradeClosedEventListener     : Failed to evaluate demo AI trigger after trade close 84700746-0228-4d47-921e-44606d6e53c8: router failed
]]></system-out>
  <system-err><![CDATA[]]></system-err>
</testsuite>
