<?xml version="1.0" encoding="UTF-8"?>
<testsuite name="com.tradebot.SuggestionBatchServiceTest" tests="3" skipped="0" failures="0" errors="0" timestamp="2026-03-01T11:52:36" hostname="CamaltekiMacBook-Pro.local" time="0.073">
  <properties/>
  <testcase name="acceptBatchRejectsLockedKeyAndDoesNotPersistNewConfigVersion()" classname="com.tradebot.SuggestionBatchServiceTest" time="0.067"/>
  <testcase name="primaryFailsThenFallbackSucceeds_persistsProposedBatchWithMeta()" classname="com.tradebot.SuggestionBatchServiceTest" time="0.004"/>
  <testcase name="invalidJsonClassifiedAsBadJsonAndPersistsFailedRecords()" classname="com.tradebot.SuggestionBatchServiceTest" time="0.002"/>
  <system-out><![CDATA[2026-03-01T15:52:36.367+04:00  INFO 64082 --- [trade-bot] [    Test worker] c.t.service.SuggestionBatchService       : 10 trades milestone reached. Generating AI Suggestion Batch...
2026-03-01T15:52:36.369+04:00  INFO 64082 --- [trade-bot] [    Test worker] c.t.service.SuggestionBatchService       : AI Suggestion Batch generated successfully. traceId=trace-fallback model=fallback-model
2026-03-01T15:52:36.370+04:00  INFO 64082 --- [trade-bot] [    Test worker] c.t.service.SuggestionBatchService       : 10 trades milestone reached. Generating AI Suggestion Batch...
2026-03-01T15:52:36.371+04:00  WARN 64082 --- [trade-bot] [    Test worker] c.t.service.SuggestionBatchService       : AI Suggestion Batch failed with OPENROUTER_BAD_JSON traceId=trace-bad-json: OpenRouter returned invalid JSON payload
]]></system-out>
  <system-err><![CDATA[]]></system-err>
</testsuite>
