<?xml version="1.0" encoding="UTF-8"?>
<testsuite name="com.tradebot.AutoScanStateServiceTest" tests="2" skipped="0" failures="0" errors="0" timestamp="2026-03-09T19:39:39" hostname="CamaltekiMacBook-Pro.local" time="0.002">
  <properties/>
  <testcase name="disablesNextRunWhenAutoscanDisabledOrSafeModeEnabled()" classname="com.tradebot.AutoScanStateServiceTest" time="0.001"/>
  <testcase name="returnsRuntimeStateWithRunningAndLastRunSnapshots()" classname="com.tradebot.AutoScanStateServiceTest" time="0.001"/>
  <system-out><![CDATA[]]></system-out>
  <system-err><![CDATA[]]></system-err>
</testsuite>
