<?xml version="1.0" encoding="UTF-8"?>
<testsuite name="com.tradebot.LiveTradingPreflightServiceTest" tests="5" skipped="0" failures="0" errors="0" timestamp="2026-03-08T11:34:24" hostname="CamaltekiMacBook-Pro.local" time="0.008">
  <properties/>
  <testcase name="credentialDecryptFailureRemainsPrimaryBlocker()" classname="com.tradebot.LiveTradingPreflightServiceTest" time="0.003"/>
  <testcase name="readOnlyModeSurfacesExactRuntimeBlocker()" classname="com.tradebot.LiveTradingPreflightServiceTest" time="0.001"/>
  <testcase name="duplicateActiveExecutionSetsRuntimeDuplicateBlocker()" classname="com.tradebot.LiveTradingPreflightServiceTest" time="0.001"/>
  <testcase name="ipAllowlistFailureIsNotMislabeledAsGenericAuth()" classname="com.tradebot.LiveTradingPreflightServiceTest" time="0.002"/>
  <testcase name="pendingReconcileExecutionDoesNotBlockNewAttempt()" classname="com.tradebot.LiveTradingPreflightServiceTest" time="0.001"/>
  <system-out><![CDATA[]]></system-out>
  <system-err><![CDATA[]]></system-err>
</testsuite>
