<?xml version="1.0" encoding="UTF-8"?>
<testsuite name="com.tradebot.LiveTradingManualTriggerArchitectureTest" tests="1" skipped="0" failures="0" errors="0" timestamp="2026-03-08T11:34:24" hostname="CamaltekiMacBook-Pro.local" time="0.091">
  <properties/>
  <testcase name="signedBinanceSubmissionMethodsAreOnlyUsedByManualExecutionService()" classname="com.tradebot.LiveTradingManualTriggerArchitectureTest" time="0.091"/>
  <system-out><![CDATA[]]></system-out>
  <system-err><![CDATA[]]></system-err>
</testsuite>
