<?xml version="1.0" encoding="UTF-8"?>
<testsuite name="com.tradebot.AiDiagnosticsControllerWebMvcTest" tests="3" skipped="0" failures="0" errors="0" timestamp="2026-03-09T19:39:38" hostname="CamaltekiMacBook-Pro.local" time="0.057">
  <properties/>
  <testcase name="diagnosticsReturns403WhenVisionFlagDisabled()" classname="com.tradebot.AiDiagnosticsControllerWebMvcTest" time="0.051"/>
  <testcase name="diagnosticsReturns200AndStructuredJson()" classname="com.tradebot.AiDiagnosticsControllerWebMvcTest" time="0.003"/>
  <testcase name="diagnosticsFallbackSerializationIsStable()" classname="com.tradebot.AiDiagnosticsControllerWebMvcTest" time="0.001"/>
  <system-out><![CDATA[2026-03-09T23:39:38.523+04:00  INFO 84573 --- [    Test worker] t.c.s.AnnotationConfigContextLoaderUtils : Could not detect default configuration classes for test class [com.tradebot.AiDiagnosticsControllerWebMvcTest]: AiDiagnosticsControllerWebMvcTest does not declare any static, non-private, non-final, nested classes annotated with @Configuration.
2026-03-09T23:39:38.533+04:00  INFO 84573 --- [    Test worker] .b.t.c.SpringBootTestContextBootstrapper : Found @SpringBootConfiguration com.tradebot.TradeBotApplication for test class com.tradebot.AiDiagnosticsControllerWebMvcTest

  .   ____          _            __ _ _
 /\\ / ___'_ __ _ _(_)_ __  __ _ \ \ \ \
( ( )\___ | '_ | '_| | '_ \/ _` | \ \ \ \
 \\/  ___)| |_)| | | | | || (_| |  ) ) ) )
  '  |____| .__|_| |_|_| |_\__, | / / / /
 =========|_|==============|___/=/_/_/_/
 :: Spring Boot ::                (v3.2.4)

2026-03-09T23:39:38.545+04:00  INFO 84573 --- [    Test worker] c.t.AiDiagnosticsControllerWebMvcTest    : Starting AiDiagnosticsControllerWebMvcTest using Java 21.0.9 with PID 84573 (started by camal in /Users/camal/Documents/making money/trade/trade bot)
2026-03-09T23:39:38.545+04:00  INFO 84573 --- [    Test worker] c.t.AiDiagnosticsControllerWebMvcTest    : No active profile set, falling back to 1 default profile: "default"
2026-03-09T23:39:38.693+04:00  INFO 84573 --- [    Test worker] o.s.b.t.m.w.SpringBootMockServletContext : Initializing Spring TestDispatcherServlet ''
2026-03-09T23:39:38.693+04:00  INFO 84573 --- [    Test worker] o.s.t.web.servlet.TestDispatcherServlet  : Initializing Servlet ''
2026-03-09T23:39:38.693+04:00  INFO 84573 --- [    Test worker] o.s.t.web.servlet.TestDispatcherServlet  : Completed initialization in 0 ms
2026-03-09T23:39:38.695+04:00  INFO 84573 --- [    Test worker] c.t.AiDiagnosticsControllerWebMvcTest    : Started AiDiagnosticsControllerWebMvcTest in 0.16 seconds (process running for 2.444)
]]></system-out>
  <system-err><![CDATA[]]></system-err>
</testsuite>
