<?xml version="1.0" encoding="UTF-8"?>
<testsuite name="com.tradebot.ScanSseControllerTest" tests="2" skipped="0" failures="0" errors="0" timestamp="2026-03-09T19:39:41" hostname="CamaltekiMacBook-Pro.local" time="0.008">
  <properties/>
  <testcase name="latestEndpointReturnsNoContentWhenNoRuns()" classname="com.tradebot.ScanSseControllerTest" time="0.005"/>
  <testcase name="testStreamEndpointWithReplay()" classname="com.tradebot.ScanSseControllerTest" time="0.002"/>
  <system-out><![CDATA[2026-03-09T23:39:41.694+04:00  INFO 84573 --- [    Test worker] t.c.s.AnnotationConfigContextLoaderUtils : Could not detect default configuration classes for test class [com.tradebot.ScanSseControllerTest]: ScanSseControllerTest does not declare any static, non-private, non-final, nested classes annotated with @Configuration.
2026-03-09T23:39:41.695+04:00  INFO 84573 --- [    Test worker] .b.t.c.SpringBootTestContextBootstrapper : Found @SpringBootConfiguration com.tradebot.TradeBotApplication for test class com.tradebot.ScanSseControllerTest

  .   ____          _            __ _ _
 /\\ / ___'_ __ _ _(_)_ __  __ _ \ \ \ \
( ( )\___ | '_ | '_| | '_ \/ _` | \ \ \ \
 \\/  ___)| |_)| | | | | || (_| |  ) ) ) )
  '  |____| .__|_| |_|_| |_\__, | / / / /
 =========|_|==============|___/=/_/_/_/
 :: Spring Boot ::                (v3.2.4)

2026-03-09T23:39:41.700+04:00  INFO 84573 --- [    Test worker] com.tradebot.ScanSseControllerTest       : Starting ScanSseControllerTest using Java 21.0.9 with PID 84573 (started by camal in /Users/camal/Documents/making money/trade/trade bot)
2026-03-09T23:39:41.700+04:00  INFO 84573 --- [    Test worker] com.tradebot.ScanSseControllerTest       : No active profile set, falling back to 1 default profile: "default"
2026-03-09T23:39:41.762+04:00  INFO 84573 --- [    Test worker] o.s.b.t.m.w.SpringBootMockServletContext : Initializing Spring TestDispatcherServlet ''
2026-03-09T23:39:41.762+04:00  INFO 84573 --- [    Test worker] o.s.t.web.servlet.TestDispatcherServlet  : Initializing Servlet ''
2026-03-09T23:39:41.762+04:00  INFO 84573 --- [    Test worker] o.s.t.web.servlet.TestDispatcherServlet  : Completed initialization in 0 ms
2026-03-09T23:39:41.763+04:00  INFO 84573 --- [    Test worker] com.tradebot.ScanSseControllerTest       : Started ScanSseControllerTest in 0.068 seconds (process running for 5.512)
]]></system-out>
  <system-err><![CDATA[]]></system-err>
</testsuite>
