<?xml version="1.0" encoding="UTF-8"?>
<testsuite name="com.tradebot.RecommendationPlaceabilityMathTest" tests="4" skipped="0" failures="0" errors="0" timestamp="2026-03-01T11:52:35" hostname="CamaltekiMacBook-Pro.local" time="0.001">
  <properties/>
  <testcase name="rrGuardBlocksWhenLiveRrDropsBelowMinimum()" classname="com.tradebot.RecommendationPlaceabilityMathTest" time="0.001"/>
  <testcase name="fixture_LONG_placeable()" classname="com.tradebot.RecommendationPlaceabilityMathTest" time="0.0"/>
  <testcase name="fixture_SHORT_placeable()" classname="com.tradebot.RecommendationPlaceabilityMathTest" time="0.0"/>
  <testcase name="fixture_LONG_notPlaceable_requiresTickGapSuggestion()" classname="com.tradebot.RecommendationPlaceabilityMathTest" time="0.0"/>
  <system-out><![CDATA[]]></system-out>
  <system-err><![CDATA[]]></system-err>
</testsuite>
