<?xml version="1.0" encoding="UTF-8"?>
<testsuite name="com.tradebot.AiDiagnosticsServiceTest" tests="6" skipped="0" failures="0" errors="0" timestamp="2026-03-01T11:52:34" hostname="CamaltekiMacBook-Pro.local" time="0.046">
  <properties/>
  <testcase name="diagnoseReturnsAiUnavailableWhenProviderPayloadInvalid()" classname="com.tradebot.AiDiagnosticsServiceTest" time="0.036"/>
  <testcase name="diagnoseSanitizesPromptAndResponseSecrets()" classname="com.tradebot.AiDiagnosticsServiceTest" time="0.002"/>
  <testcase name="diagnoseReturnsAiUnavailableWhenProviderFails()" classname="com.tradebot.AiDiagnosticsServiceTest" time="0.002"/>
  <testcase name="diagnoseNormalizesRiskToLowMedHigh()" classname="com.tradebot.AiDiagnosticsServiceTest" time="0.001"/>
  <testcase name="diagnoseTriesFallbackModelAfterPrimaryFailure()" classname="com.tradebot.AiDiagnosticsServiceTest" time="0.002"/>
  <testcase name="diagnoseReturnsParsedResponseWhenProviderReturnsValidJson()" classname="com.tradebot.AiDiagnosticsServiceTest" time="0.001"/>
  <system-out><![CDATA[2026-03-01T15:52:34.161+04:00  WARN 64082 --- [trade-bot] [    Test worker] c.tradebot.service.AiDiagnosticsService  : AI diagnostics parse/runtime failure mode=LIVE model=model-primary traceId=trace-1 message=Unrecognized token 'not': was expecting (JSON String, Number, Array, Object or token 'null', 'true' or 'false')
 at [Source: (String)"not-json"; line: 1, column: 4]
2026-03-01T15:52:34.168+04:00  WARN 64082 --- [trade-bot] [    Test worker] c.tradebot.service.AiDiagnosticsService  : AI diagnostics provider failure mode=LIVE model=model-primary code=OPENROUTER_RATE_LIMIT traceId=trace-1 message=OpenRouter rate limit exceeded
2026-03-01T15:52:34.171+04:00  WARN 64082 --- [trade-bot] [    Test worker] c.tradebot.service.AiDiagnosticsService  : AI diagnostics provider failure mode=DEMO model=model-primary code=OPENROUTER_NETWORK traceId=trace-1 message=timeout
]]></system-out>
  <system-err><![CDATA[]]></system-err>
</testsuite>
