<?xml version="1.0" encoding="UTF-8"?>
<testsuite name="com.tradebot.DemoTradeMonitorTest" tests="4" skipped="0" failures="0" errors="0" timestamp="2026-03-01T11:52:34" hostname="CamaltekiMacBook-Pro.local" time="0.07">
  <properties/>
  <testcase name="timeStopClosesTradeAtMark()" classname="com.tradebot.DemoTradeMonitorTest" time="0.066"/>
  <testcase name="manualCancelClosesTrade()" classname="com.tradebot.DemoTradeMonitorTest" time="0.001"/>
  <testcase name="longTradeClosesOnStopLoss()" classname="com.tradebot.DemoTradeMonitorTest" time="0.001"/>
  <testcase name="shortTradeHitsTp1AndMovesToStageOne()" classname="com.tradebot.DemoTradeMonitorTest" time="0.001"/>
  <system-out><![CDATA[]]></system-out>
  <system-err><![CDATA[]]></system-err>
</testsuite>
