<?xml version="1.0" encoding="UTF-8"?>
<testsuite name="com.tradebot.RecommendationLiveExecutionWebMvcTest" tests="6" skipped="0" failures="0" errors="0" timestamp="2026-03-09T19:39:41" hostname="CamaltekiMacBook-Pro.local" time="0.02">
  <properties/>
  <testcase name="executionPreflightPreservesCredentialDecryptFailureCode()" classname="com.tradebot.RecommendationLiveExecutionWebMvcTest" time="0.004"/>
  <testcase name="executeLiveRequiresOperatorPermission()" classname="com.tradebot.RecommendationLiveExecutionWebMvcTest" time="0.002"/>
  <testcase name="executionPreflightReturnsStructuredSnapshot()" classname="com.tradebot.RecommendationLiveExecutionWebMvcTest" time="0.002"/>
  <testcase name="executeLiveRejectsMissingClientRequestId()" classname="com.tradebot.RecommendationLiveExecutionWebMvcTest" time="0.005"/>
  <testcase name="executeLiveReturnsExecutionStateAfterExplicitConfirmation()" classname="com.tradebot.RecommendationLiveExecutionWebMvcTest" time="0.004"/>
  <testcase name="executeLiveRejectsNonLocalMutation()" classname="com.tradebot.RecommendationLiveExecutionWebMvcTest" time="0.002"/>
  <system-out><![CDATA[2026-03-09T23:39:41.239+04:00  INFO 84573 --- [    Test worker] t.c.s.AnnotationConfigContextLoaderUtils : Could not detect default configuration classes for test class [com.tradebot.RecommendationLiveExecutionWebMvcTest]: RecommendationLiveExecutionWebMvcTest does not declare any static, non-private, non-final, nested classes annotated with @Configuration.
2026-03-09T23:39:41.240+04:00  INFO 84573 --- [    Test worker] .b.t.c.SpringBootTestContextBootstrapper : Found @SpringBootConfiguration com.tradebot.TradeBotApplication for test class com.tradebot.RecommendationLiveExecutionWebMvcTest

  .   ____          _            __ _ _
 /\\ / ___'_ __ _ _(_)_ __  __ _ \ \ \ \
( ( )\___ | '_ | '_| | '_ \/ _` | \ \ \ \
 \\/  ___)| |_)| | | | | || (_| |  ) ) ) )
  '  |____| .__|_| |_|_| |_\__, | / / / /
 =========|_|==============|___/=/_/_/_/
 :: Spring Boot ::                (v3.2.4)

2026-03-09T23:39:41.246+04:00  INFO 84573 --- [    Test worker] .t.RecommendationLiveExecutionWebMvcTest : Starting RecommendationLiveExecutionWebMvcTest using Java 21.0.9 with PID 84573 (started by camal in /Users/camal/Documents/making money/trade/trade bot)
2026-03-09T23:39:41.246+04:00  INFO 84573 --- [    Test worker] .t.RecommendationLiveExecutionWebMvcTest : No active profile set, falling back to 1 default profile: "default"
2026-03-09T23:39:41.310+04:00  INFO 84573 --- [    Test worker] o.s.b.t.m.w.SpringBootMockServletContext : Initializing Spring TestDispatcherServlet ''
2026-03-09T23:39:41.310+04:00  INFO 84573 --- [    Test worker] o.s.t.web.servlet.TestDispatcherServlet  : Initializing Servlet ''
2026-03-09T23:39:41.310+04:00  INFO 84573 --- [    Test worker] o.s.t.web.servlet.TestDispatcherServlet  : Completed initialization in 0 ms
2026-03-09T23:39:41.312+04:00  INFO 84573 --- [    Test worker] .t.RecommendationLiveExecutionWebMvcTest : Started RecommendationLiveExecutionWebMvcTest in 0.071 seconds (process running for 5.061)
2026-03-09T23:39:41.318+04:00  WARN 84573 --- [    Test worker] c.t.exception.GlobalExceptionHandler     : [TraceID: 5e4da401-0d31-42a1-8946-cbe46610f746] Forbidden permission at /api/v1/recommendations/00000000-0000-0000-0000-000000000102/execute-live: permission=live.execution.enabled
2026-03-09T23:39:41.324+04:00  WARN 84573 --- [    Test worker] c.t.exception.GlobalExceptionHandler     : [TraceID: 0a872a9c-cc79-4066-9052-61ed837f936e] Validation error at /api/v1/recommendations/00000000-0000-0000-0000-000000000106/execute-live: {clientRequestId=clientRequestId is required}
2026-03-09T23:39:41.331+04:00  WARN 84573 --- [    Test worker] c.t.exception.GlobalExceptionHandler     : [TraceID: 8fe83da4-369c-42e6-ada9-19d6f6c8a4ec] Forbidden non-local mutation at /api/v1/recommendations/00000000-0000-0000-0000-000000000103/execute-live remote=10.0.0.12 origin=https://remote-host
]]></system-out>
  <system-err><![CDATA[]]></system-err>
</testsuite>
