<?xml version="1.0" encoding="UTF-8"?>
<testsuite name="com.tradebot.BudgetTargetAutoExecutionLifecycleServiceTransactionalIntegrationTest" tests="1" skipped="1" failures="0" errors="0" timestamp="2026-03-09T19:39:39" hostname="CamaltekiMacBook-Pro.local" time="0.0">
  <properties/>
  <testcase name="applyCommandTurnOffStartsOwnTransactionForLockedSessionLookup()" classname="com.tradebot.BudgetTargetAutoExecutionLifecycleServiceTransactionalIntegrationTest" time="0.0">
    <skipped/>
  </testcase>
  <system-out><![CDATA[]]></system-out>
  <system-err><![CDATA[]]></system-err>
</testsuite>
