<?xml version="1.0" encoding="UTF-8"?>
<testsuite name="com.tradebot.AiSuggestionControllerTest" tests="2" skipped="0" failures="0" errors="0" timestamp="2026-03-08T11:34:22" hostname="CamaltekiMacBook-Pro.local" time="0.096">
  <properties/>
  <testcase name="latestResponseReturnsNullBatchWhenNoSuggestionsExist()" classname="com.tradebot.AiSuggestionControllerTest" time="0.089"/>
  <testcase name="latestResponseUsesStableDtoShape()" classname="com.tradebot.AiSuggestionControllerTest" time="0.006"/>
  <system-out><![CDATA[]]></system-out>
  <system-err><![CDATA[]]></system-err>
</testsuite>
