<?xml version="1.0" encoding="UTF-8"?>
<testsuite name="com.tradebot.ControlCenterControllerWebMvcTest" tests="3" skipped="0" failures="0" errors="0" timestamp="2026-03-01T11:52:34" hostname="CamaltekiMacBook-Pro.local" time="0.062">
  <properties/>
  <testcase name="getStateReturnsPermissionsSettingsAndAiRouting()" classname="com.tradebot.ControlCenterControllerWebMvcTest" time="0.044"/>
  <testcase name="postStateAppliesPartialPatchAndPermissionUpdates()" classname="com.tradebot.ControlCenterControllerWebMvcTest" time="0.013"/>
  <testcase name="postStateBlocksNonLocalMutation()" classname="com.tradebot.ControlCenterControllerWebMvcTest" time="0.004"/>
  <system-out><![CDATA[2026-03-01T15:52:34.404+04:00  INFO 64082 --- [trade-bot] [    Test worker] t.c.s.AnnotationConfigContextLoaderUtils : Could not detect default configuration classes for test class [com.tradebot.ControlCenterControllerWebMvcTest]: ControlCenterControllerWebMvcTest does not declare any static, non-private, non-final, nested classes annotated with @Configuration.
2026-03-01T15:52:34.406+04:00  INFO 64082 --- [trade-bot] [    Test worker] .b.t.c.SpringBootTestContextBootstrapper : Found @SpringBootConfiguration com.tradebot.TradeBotApplication for test class com.tradebot.ControlCenterControllerWebMvcTest

  .   ____          _            __ _ _
 /\\ / ___'_ __ _ _(_)_ __  __ _ \ \ \ \
( ( )\___ | '_ | '_| | '_ \/ _` | \ \ \ \
 \\/  ___)| |_)| | | | | || (_| |  ) ) ) )
  '  |____| .__|_| |_|_| |_\__, | / / / /
 =========|_|==============|___/=/_/_/_/
 :: Spring Boot ::                (v3.2.4)

2026-03-01T15:52:34.415+04:00  INFO 64082 --- [trade-bot] [    Test worker] c.t.ControlCenterControllerWebMvcTest    : Starting ControlCenterControllerWebMvcTest using Java 21.0.9 with PID 64082 (started by camal in /Users/camal/Documents/trade/trade bot)
2026-03-01T15:52:34.415+04:00  INFO 64082 --- [trade-bot] [    Test worker] c.t.ControlCenterControllerWebMvcTest    : No active profile set, falling back to 1 default profile: "default"
2026-03-01T15:52:34.508+04:00  INFO 64082 --- [trade-bot] [    Test worker] o.s.b.t.m.w.SpringBootMockServletContext : Initializing Spring TestDispatcherServlet ''
2026-03-01T15:52:34.508+04:00  INFO 64082 --- [trade-bot] [    Test worker] o.s.t.web.servlet.TestDispatcherServlet  : Initializing Servlet ''
2026-03-01T15:52:34.508+04:00  INFO 64082 --- [trade-bot] [    Test worker] o.s.t.web.servlet.TestDispatcherServlet  : Completed initialization in 0 ms
2026-03-01T15:52:34.511+04:00  INFO 64082 --- [trade-bot] [    Test worker] c.t.ControlCenterControllerWebMvcTest    : Started ControlCenterControllerWebMvcTest in 0.104 seconds (process running for 2.287)
2026-03-01T15:52:34.571+04:00  WARN 64082 --- [trade-bot] [    Test worker] c.t.exception.GlobalExceptionHandler     : [TraceID: 7ca6ed5f-004a-43f2-b33e-7e866a8e87d0] Forbidden non-local mutation at /api/v1/control-center/state remote=10.0.0.5 origin=http://evil.com
]]></system-out>
  <system-err><![CDATA[]]></system-err>
</testsuite>
