<?xml version="1.0" encoding="UTF-8"?>
<testsuite name="com.tradebot.RecommendationLiveExecutionWebMvcTest" tests="6" skipped="0" failures="0" errors="0" timestamp="2026-03-08T11:34:24" hostname="CamaltekiMacBook-Pro.local" time="0.022">
  <properties/>
  <testcase name="executionPreflightPreservesCredentialDecryptFailureCode()" classname="com.tradebot.RecommendationLiveExecutionWebMvcTest" time="0.005"/>
  <testcase name="executeLiveRequiresOperatorPermission()" classname="com.tradebot.RecommendationLiveExecutionWebMvcTest" time="0.002"/>
  <testcase name="executionPreflightReturnsStructuredSnapshot()" classname="com.tradebot.RecommendationLiveExecutionWebMvcTest" time="0.002"/>
  <testcase name="executeLiveRejectsMissingClientRequestId()" classname="com.tradebot.RecommendationLiveExecutionWebMvcTest" time="0.005"/>
  <testcase name="executeLiveReturnsExecutionStateAfterExplicitConfirmation()" classname="com.tradebot.RecommendationLiveExecutionWebMvcTest" time="0.004"/>
  <testcase name="executeLiveRejectsNonLocalMutation()" classname="com.tradebot.RecommendationLiveExecutionWebMvcTest" time="0.002"/>
  <system-out><![CDATA[2026-03-08T15:34:24.666+04:00  INFO 98901 --- [    Test worker] t.c.s.AnnotationConfigContextLoaderUtils : Could not detect default configuration classes for test class [com.tradebot.RecommendationLiveExecutionWebMvcTest]: RecommendationLiveExecutionWebMvcTest does not declare any static, non-private, non-final, nested classes annotated with @Configuration.
2026-03-08T15:34:24.668+04:00  INFO 98901 --- [    Test worker] .b.t.c.SpringBootTestContextBootstrapper : Found @SpringBootConfiguration com.tradebot.TradeBotApplication for test class com.tradebot.RecommendationLiveExecutionWebMvcTest

  .   ____          _            __ _ _
 /\\ / ___'_ __ _ _(_)_ __  __ _ \ \ \ \
( ( )\___ | '_ | '_| | '_ \/ _` | \ \ \ \
 \\/  ___)| |_)| | | | | || (_| |  ) ) ) )
  '  |____| .__|_| |_|_| |_\__, | / / / /
 =========|_|==============|___/=/_/_/_/
 :: Spring Boot ::                (v3.2.4)

2026-03-08T15:34:24.675+04:00  INFO 98901 --- [    Test worker] .t.RecommendationLiveExecutionWebMvcTest : Starting RecommendationLiveExecutionWebMvcTest using Java 21.0.9 with PID 98901 (started by camal in /Users/camal/Documents/trade/trade bot)
2026-03-08T15:34:24.675+04:00  INFO 98901 --- [    Test worker] .t.RecommendationLiveExecutionWebMvcTest : No active profile set, falling back to 1 default profile: "default"
2026-03-08T15:34:24.752+04:00  INFO 98901 --- [    Test worker] o.s.b.t.m.w.SpringBootMockServletContext : Initializing Spring TestDispatcherServlet ''
2026-03-08T15:34:24.752+04:00  INFO 98901 --- [    Test worker] o.s.t.web.servlet.TestDispatcherServlet  : Initializing Servlet ''
2026-03-08T15:34:24.752+04:00  INFO 98901 --- [    Test worker] o.s.t.web.servlet.TestDispatcherServlet  : Completed initialization in 0 ms
2026-03-08T15:34:24.755+04:00  INFO 98901 --- [    Test worker] .t.RecommendationLiveExecutionWebMvcTest : Started RecommendationLiveExecutionWebMvcTest in 0.086 seconds (process running for 4.541)
2026-03-08T15:34:24.763+04:00  WARN 98901 --- [    Test worker] c.t.exception.GlobalExceptionHandler     : [TraceID: 16debab7-8a03-4375-bb82-4edf2ded279d] Forbidden permission at /api/v1/recommendations/00000000-0000-0000-0000-000000000102/execute-live: permission=live.execution.enabled
2026-03-08T15:34:24.770+04:00  WARN 98901 --- [    Test worker] c.t.exception.GlobalExceptionHandler     : [TraceID: 5721e791-951c-45c3-aee5-ba14999ec622] Validation error at /api/v1/recommendations/00000000-0000-0000-0000-000000000106/execute-live: {clientRequestId=clientRequestId is required}
2026-03-08T15:34:24.778+04:00  WARN 98901 --- [    Test worker] c.t.exception.GlobalExceptionHandler     : [TraceID: 28a2d2f9-0fa9-4511-b717-50182c7dc7ed] Forbidden non-local mutation at /api/v1/recommendations/00000000-0000-0000-0000-000000000103/execute-live remote=10.0.0.12 origin=https://remote-host
]]></system-out>
  <system-err><![CDATA[]]></system-err>
</testsuite>
