<?xml version="1.0" encoding="UTF-8"?>
<testsuite name="com.tradebot.AiRoutingResolverTest" tests="2" skipped="0" failures="0" errors="0" timestamp="2026-03-01T11:52:34" hostname="CamaltekiMacBook-Pro.local" time="0.002">
  <properties/>
  <testcase name="legacyApiKeyAndModelFallbackWhenDbRouteMissing()" classname="com.tradebot.AiRoutingResolverTest" time="0.001"/>
  <testcase name="routeUsesDbTaskRoutingAndAllowlistFiltering()" classname="com.tradebot.AiRoutingResolverTest" time="0.001"/>
  <system-out><![CDATA[]]></system-out>
  <system-err><![CDATA[]]></system-err>
</testsuite>
