<?xml version="1.0" encoding="UTF-8"?>
<testsuite name="com.tradebot.LiveTradingManualTriggerArchitectureTest" tests="1" skipped="0" failures="0" errors="0" timestamp="2026-03-09T19:39:40" hostname="CamaltekiMacBook-Pro.local" time="0.087">
  <properties/>
  <testcase name="signedBinanceTradingMutationsStayInsideTheLiveExecutionLayer()" classname="com.tradebot.LiveTradingManualTriggerArchitectureTest" time="0.087"/>
  <system-out><![CDATA[]]></system-out>
  <system-err><![CDATA[]]></system-err>
</testsuite>
