<?xml version="1.0" encoding="UTF-8"?>
<testsuite name="com.tradebot.DemoTradingLifecycleServiceTest" tests="6" skipped="0" failures="0" errors="0" timestamp="2026-03-01T11:52:35" hostname="CamaltekiMacBook-Pro.local" time="0.085">
  <properties/>
  <testcase name="enableBlockedWhenFeatureFlagDisabled()" classname="com.tradebot.DemoTradingLifecycleServiceTest" time="0.062"/>
  <testcase name="runOnceBlockedWhenDemoKeysMissing()" classname="com.tradebot.DemoTradingLifecycleServiceTest" time="0.001"/>
  <testcase name="enableBlockedWhenDemoKeysMissing()" classname="com.tradebot.DemoTradingLifecycleServiceTest" time="0.0"/>
  <testcase name="resetPurgesAllDemoTablesAndDisablesMode()" classname="com.tradebot.DemoTradingLifecycleServiceTest" time="0.021"/>
  <testcase name="enableSetsModeEnabledAndSeedsConfig()" classname="com.tradebot.DemoTradingLifecycleServiceTest" time="0.0"/>
  <testcase name="runOnceDelegatesToScheduler()" classname="com.tradebot.DemoTradingLifecycleServiceTest" time="0.001"/>
  <system-out><![CDATA[]]></system-out>
  <system-err><![CDATA[]]></system-err>
</testsuite>
