<?xml version="1.0" encoding="UTF-8"?>
<testsuite name="com.tradebot.OperatorPermissionCatalogSyncServiceTest" tests="2" skipped="0" failures="0" errors="0" timestamp="2026-03-01T11:52:35" hostname="CamaltekiMacBook-Pro.local" time="0.02">
  <properties/>
  <testcase name="syncCatalogDoesNotOverwriteExistingRows()" classname="com.tradebot.OperatorPermissionCatalogSyncServiceTest" time="0.019"/>
  <testcase name="syncCatalogInsertsMissingKeysWithEnabledTrue()" classname="com.tradebot.OperatorPermissionCatalogSyncServiceTest" time="0.0"/>
  <system-out><![CDATA[2026-03-01T15:52:35.397+04:00  INFO 64082 --- [trade-bot] [    Test worker] t.o.OperatorPermissionCatalogSyncService : Operator permissions bootstrap complete: insertedMissing=0, existing=16
2026-03-01T15:52:35.397+04:00  INFO 64082 --- [trade-bot] [    Test worker] t.o.OperatorPermissionCatalogSyncService : Operator permissions bootstrap complete: insertedMissing=16, existing=0
]]></system-out>
  <system-err><![CDATA[]]></system-err>
</testsuite>
