<?xml version="1.0" encoding="UTF-8"?>
<testsuite name="com.tradebot.DemoAiDiagnosticsControllerWebMvcTest" tests="3" skipped="0" failures="0" errors="0" timestamp="2026-03-09T19:39:40" hostname="CamaltekiMacBook-Pro.local" time="0.01">
  <properties/>
  <testcase name="diagnosticsReturns403WhenVisionFlagDisabled()" classname="com.tradebot.DemoAiDiagnosticsControllerWebMvcTest" time="0.005"/>
  <testcase name="diagnosticsReturns200WhenFlagsAllowRequest()" classname="com.tradebot.DemoAiDiagnosticsControllerWebMvcTest" time="0.002"/>
  <testcase name="diagnosticsReturns409WhenDemoDisabled()" classname="com.tradebot.DemoAiDiagnosticsControllerWebMvcTest" time="0.002"/>
  <system-out><![CDATA[2026-03-09T23:39:39.917+04:00  INFO 84573 --- [    Test worker] t.c.s.AnnotationConfigContextLoaderUtils : Could not detect default configuration classes for test class [com.tradebot.DemoAiDiagnosticsControllerWebMvcTest]: DemoAiDiagnosticsControllerWebMvcTest does not declare any static, non-private, non-final, nested classes annotated with @Configuration.
2026-03-09T23:39:39.919+04:00  INFO 84573 --- [    Test worker] .b.t.c.SpringBootTestContextBootstrapper : Found @SpringBootConfiguration com.tradebot.TradeBotApplication for test class com.tradebot.DemoAiDiagnosticsControllerWebMvcTest

  .   ____          _            __ _ _
 /\\ / ___'_ __ _ _(_)_ __  __ _ \ \ \ \
( ( )\___ | '_ | '_| | '_ \/ _` | \ \ \ \
 \\/  ___)| |_)| | | | | || (_| |  ) ) ) )
  '  |____| .__|_| |_|_| |_\__, | / / / /
 =========|_|==============|___/=/_/_/_/
 :: Spring Boot ::                (v3.2.4)

2026-03-09T23:39:39.930+04:00  INFO 84573 --- [    Test worker] .t.DemoAiDiagnosticsControllerWebMvcTest : Starting DemoAiDiagnosticsControllerWebMvcTest using Java 21.0.9 with PID 84573 (started by camal in /Users/camal/Documents/making money/trade/trade bot)
2026-03-09T23:39:39.931+04:00  INFO 84573 --- [    Test worker] .t.DemoAiDiagnosticsControllerWebMvcTest : No active profile set, falling back to 1 default profile: "default"
2026-03-09T23:39:40.018+04:00  INFO 84573 --- [    Test worker] o.s.b.t.m.w.SpringBootMockServletContext : Initializing Spring TestDispatcherServlet ''
2026-03-09T23:39:40.018+04:00  INFO 84573 --- [    Test worker] o.s.t.web.servlet.TestDispatcherServlet  : Initializing Servlet ''
2026-03-09T23:39:40.018+04:00  INFO 84573 --- [    Test worker] o.s.t.web.servlet.TestDispatcherServlet  : Completed initialization in 0 ms
2026-03-09T23:39:40.020+04:00  INFO 84573 --- [    Test worker] .t.DemoAiDiagnosticsControllerWebMvcTest : Started DemoAiDiagnosticsControllerWebMvcTest in 0.1 seconds (process running for 3.769)
]]></system-out>
  <system-err><![CDATA[]]></system-err>
</testsuite>
