<?xml version="1.0" encoding="UTF-8"?>
<testsuite name="com.tradebot.BudgetTargetAutoExecutionAuditQueryServiceIntegrationTest" tests="2" skipped="2" failures="0" errors="0" timestamp="2026-03-09T19:39:39" hostname="CamaltekiMacBook-Pro.local" time="0.0">
  <properties/>
  <testcase name="timelineItemSummaryPayloadPreservesNullFieldsForStopRequestedEvents()" classname="com.tradebot.BudgetTargetAutoExecutionAuditQueryServiceIntegrationTest" time="0.0">
    <skipped/>
  </testcase>
  <testcase name="buildsAuditableSessionReportTradeHistoryTimelineAndReplay()" classname="com.tradebot.BudgetTargetAutoExecutionAuditQueryServiceIntegrationTest" time="0.0">
    <skipped/>
  </testcase>
  <system-out><![CDATA[]]></system-out>
  <system-err><![CDATA[]]></system-err>
</testsuite>
