<?xml version="1.0" encoding="UTF-8"?>
<testsuite name="com.tradebot.LiveTradingExecutionServiceTest" tests="3" skipped="0" failures="0" errors="0" timestamp="2026-03-07T17:51:31" hostname="CamaltekiMacBook-Pro.local" time="0.14">
  <properties/>
  <testcase name="duplicateClientRequestIdRaceReturnsExistingAttemptAfterUniqueConstraintCollision()" classname="com.tradebot.LiveTradingExecutionServiceTest" time="0.129"/>
  <testcase name="duplicateClientRequestIdReturnsExistingAttemptWithoutResubmitting()" classname="com.tradebot.LiveTradingExecutionServiceTest" time="0.002"/>
  <testcase name="blockedPreflightPersistsWithoutCallingBinance()" classname="com.tradebot.LiveTradingExecutionServiceTest" time="0.008"/>
  <system-out><![CDATA[]]></system-out>
  <system-err><![CDATA[]]></system-err>
</testsuite>
