<?xml version="1.0" encoding="UTF-8"?>
<testsuite name="com.tradebot.DemoAiSuggestionServiceTest" tests="8" skipped="0" failures="0" errors="0" timestamp="2026-03-01T11:52:34" hostname="CamaltekiMacBook-Pro.local" time="0.136">
  <properties/>
  <testcase name="generateBatchNoOpsUntilThreshold()" classname="com.tradebot.DemoAiSuggestionServiceTest" time="0.112"/>
  <testcase name="rejectBatchUpdatesBatchAndItems()" classname="com.tradebot.DemoAiSuggestionServiceTest" time="0.001"/>
  <testcase name="generateBatchValidJsonPersistsItems()" classname="com.tradebot.DemoAiSuggestionServiceTest" time="0.008"/>
  <testcase name="generateBatchRouterFailureDoesNotThrowForLifecycle()" classname="com.tradebot.DemoAiSuggestionServiceTest" time="0.004"/>
  <testcase name="generateBatchNowRethrowsWhenRouterFails()" classname="com.tradebot.DemoAiSuggestionServiceTest" time="0.004"/>
  <testcase name="acceptBatchTriggersConfigVersioning()" classname="com.tradebot.DemoAiSuggestionServiceTest" time="0.001"/>
  <testcase name="generateBatchBadJsonMarksFailed()" classname="com.tradebot.DemoAiSuggestionServiceTest" time="0.005"/>
  <testcase name="generateBatchSkipsWhenProposedAlreadyExists()" classname="com.tradebot.DemoAiSuggestionServiceTest" time="0.001"/>
  <system-out><![CDATA[2026-03-01T15:52:34.794+04:00  WARN 64082 --- [trade-bot] [    Test worker] c.t.d.service.DemoAiSuggestionService    : Demo AI suggestion generation failed [OPENROUTER_RATE_LIMIT]: rate limited
2026-03-01T15:52:34.798+04:00  WARN 64082 --- [trade-bot] [    Test worker] c.t.d.service.DemoAiSuggestionService    : Demo AI suggestion generation failed [OPENROUTER_INTERNAL]: all models failed
2026-03-01T15:52:34.804+04:00  WARN 64082 --- [trade-bot] [    Test worker] c.t.d.service.DemoAiSuggestionService    : Demo AI suggestion generation failed [OPENROUTER_BAD_JSON]: OpenRouter returned invalid JSON payload
]]></system-out>
  <system-err><![CDATA[]]></system-err>
</testsuite>
