<?xml version="1.0" encoding="UTF-8"?>
<testsuite name="com.tradebot.DemoAiDiagnosticsControllerWebMvcTest" tests="3" skipped="0" failures="0" errors="0" timestamp="2026-03-01T11:52:34" hostname="CamaltekiMacBook-Pro.local" time="0.014">
  <properties/>
  <testcase name="diagnosticsReturns403WhenVisionFlagDisabled()" classname="com.tradebot.DemoAiDiagnosticsControllerWebMvcTest" time="0.008"/>
  <testcase name="diagnosticsReturns200WhenFlagsAllowRequest()" classname="com.tradebot.DemoAiDiagnosticsControllerWebMvcTest" time="0.002"/>
  <testcase name="diagnosticsReturns409WhenDemoDisabled()" classname="com.tradebot.DemoAiDiagnosticsControllerWebMvcTest" time="0.002"/>
  <system-out><![CDATA[2026-03-01T15:52:33.857+04:00  INFO 64082 --- [trade-bot] [    Test worker] t.c.s.AnnotationConfigContextLoaderUtils : Could not detect default configuration classes for test class [com.tradebot.DemoAiDiagnosticsControllerWebMvcTest]: DemoAiDiagnosticsControllerWebMvcTest does not declare any static, non-private, non-final, nested classes annotated with @Configuration.
2026-03-01T15:52:33.860+04:00  INFO 64082 --- [trade-bot] [    Test worker] .b.t.c.SpringBootTestContextBootstrapper : Found @SpringBootConfiguration com.tradebot.TradeBotApplication for test class com.tradebot.DemoAiDiagnosticsControllerWebMvcTest

  .   ____          _            __ _ _
 /\\ / ___'_ __ _ _(_)_ __  __ _ \ \ \ \
( ( )\___ | '_ | '_| | '_ \/ _` | \ \ \ \
 \\/  ___)| |_)| | | | | || (_| |  ) ) ) )
  '  |____| .__|_| |_|_| |_\__, | / / / /
 =========|_|==============|___/=/_/_/_/
 :: Spring Boot ::                (v3.2.4)

2026-03-01T15:52:33.874+04:00  INFO 64082 --- [trade-bot] [    Test worker] .t.DemoAiDiagnosticsControllerWebMvcTest : Starting DemoAiDiagnosticsControllerWebMvcTest using Java 21.0.9 with PID 64082 (started by camal in /Users/camal/Documents/trade/trade bot)
2026-03-01T15:52:33.874+04:00  INFO 64082 --- [trade-bot] [    Test worker] .t.DemoAiDiagnosticsControllerWebMvcTest : No active profile set, falling back to 1 default profile: "default"
2026-03-01T15:52:34.013+04:00  INFO 64082 --- [trade-bot] [    Test worker] o.s.b.t.m.w.SpringBootMockServletContext : Initializing Spring TestDispatcherServlet ''
2026-03-01T15:52:34.013+04:00  INFO 64082 --- [trade-bot] [    Test worker] o.s.t.web.servlet.TestDispatcherServlet  : Initializing Servlet ''
2026-03-01T15:52:34.014+04:00  INFO 64082 --- [trade-bot] [    Test worker] o.s.t.web.servlet.TestDispatcherServlet  : Completed initialization in 1 ms
2026-03-01T15:52:34.016+04:00  INFO 64082 --- [trade-bot] [    Test worker] .t.DemoAiDiagnosticsControllerWebMvcTest : Started DemoAiDiagnosticsControllerWebMvcTest in 0.155 seconds (process running for 1.792)
]]></system-out>
  <system-err><![CDATA[]]></system-err>
</testsuite>
