<?xml version="1.0" encoding="UTF-8"?>
<testsuite name="com.tradebot.ExchangeRoundingServiceTest" tests="3" skipped="0" failures="0" errors="0" timestamp="2026-03-09T19:39:40" hostname="CamaltekiMacBook-Pro.local" time="0.0">
  <properties/>
  <testcase name="roundsQuantityDownToStepSize()" classname="com.tradebot.ExchangeRoundingServiceTest" time="0.0"/>
  <testcase name="detectsIncrementAlignment()" classname="com.tradebot.ExchangeRoundingServiceTest" time="0.0"/>
  <testcase name="roundsProtectionPricesTowardReferencePrice()" classname="com.tradebot.ExchangeRoundingServiceTest" time="0.0"/>
  <system-out><![CDATA[]]></system-out>
  <system-err><![CDATA[]]></system-err>
</testsuite>
