<?xml version="1.0" encoding="UTF-8"?>
<testsuite name="com.tradebot.OpenRouterClientTest" tests="4" skipped="0" failures="0" errors="0" timestamp="2026-03-01T11:52:35" hostname="CamaltekiMacBook-Pro.local" time="0.02">
  <properties/>
  <testcase name="retryFilterAllowsOnlyTransientErrorCodes()" classname="com.tradebot.OpenRouterClientTest" time="0.018"/>
  <testcase name="mapsTimeoutAndNetworkToOpenRouterNetwork()" classname="com.tradebot.OpenRouterClientTest" time="0.001"/>
  <testcase name="mapsHttpErrorCodesToExpectedClassification()" classname="com.tradebot.OpenRouterClientTest" time="0.0"/>
  <testcase name="missingApiKeyThrowsClassifiedAuthError()" classname="com.tradebot.OpenRouterClientTest" time="0.001"/>
  <system-out><![CDATA[]]></system-out>
  <system-err><![CDATA[]]></system-err>
</testsuite>
