<?xml version="1.0" encoding="UTF-8"?>
<testsuite name="com.tradebot.DemoTradingControllerWebMvcTest" tests="7" skipped="0" failures="0" errors="0" timestamp="2026-03-09T19:39:40" hostname="CamaltekiMacBook-Pro.local" time="0.052">
  <properties/>
  <testcase name="statusReturns200AndRequiredFields()" classname="com.tradebot.DemoTradingControllerWebMvcTest" time="0.01"/>
  <testcase name="analyticsSummaryRouteReturns200()" classname="com.tradebot.DemoTradingControllerWebMvcTest" time="0.008"/>
  <testcase name="tradesOpenTradesAndTradeByIdRoutesWork()" classname="com.tradebot.DemoTradingControllerWebMvcTest" time="0.015"/>
  <testcase name="cancelRouteReturns200()" classname="com.tradebot.DemoTradingControllerWebMvcTest" time="0.003"/>
  <testcase name="enableDisableAndRunOnceReturn200()" classname="com.tradebot.DemoTradingControllerWebMvcTest" time="0.003"/>
  <testcase name="resetRequiresConfirm()" classname="com.tradebot.DemoTradingControllerWebMvcTest" time="0.003"/>
  <testcase name="aiRoutesReturn200()" classname="com.tradebot.DemoTradingControllerWebMvcTest" time="0.008"/>
  <system-out><![CDATA[2026-03-09T23:39:40.281+04:00  INFO 84573 --- [    Test worker] t.c.s.AnnotationConfigContextLoaderUtils : Could not detect default configuration classes for test class [com.tradebot.DemoTradingControllerWebMvcTest]: DemoTradingControllerWebMvcTest does not declare any static, non-private, non-final, nested classes annotated with @Configuration.
2026-03-09T23:39:40.283+04:00  INFO 84573 --- [    Test worker] .b.t.c.SpringBootTestContextBootstrapper : Found @SpringBootConfiguration com.tradebot.TradeBotApplication for test class com.tradebot.DemoTradingControllerWebMvcTest

  .   ____          _            __ _ _
 /\\ / ___'_ __ _ _(_)_ __  __ _ \ \ \ \
( ( )\___ | '_ | '_| | '_ \/ _` | \ \ \ \
 \\/  ___)| |_)| | | | | || (_| |  ) ) ) )
  '  |____| .__|_| |_|_| |_\__, | / / / /
 =========|_|==============|___/=/_/_/_/
 :: Spring Boot ::                (v3.2.4)

2026-03-09T23:39:40.289+04:00  INFO 84573 --- [    Test worker] c.t.DemoTradingControllerWebMvcTest      : Starting DemoTradingControllerWebMvcTest using Java 21.0.9 with PID 84573 (started by camal in /Users/camal/Documents/making money/trade/trade bot)
2026-03-09T23:39:40.289+04:00  INFO 84573 --- [    Test worker] c.t.DemoTradingControllerWebMvcTest      : No active profile set, falling back to 1 default profile: "default"
2026-03-09T23:39:40.441+04:00  INFO 84573 --- [    Test worker] o.s.b.t.m.w.SpringBootMockServletContext : Initializing Spring TestDispatcherServlet ''
2026-03-09T23:39:40.441+04:00  INFO 84573 --- [    Test worker] o.s.t.web.servlet.TestDispatcherServlet  : Initializing Servlet ''
2026-03-09T23:39:40.441+04:00  INFO 84573 --- [    Test worker] o.s.t.web.servlet.TestDispatcherServlet  : Completed initialization in 0 ms
2026-03-09T23:39:40.443+04:00  INFO 84573 --- [    Test worker] c.t.DemoTradingControllerWebMvcTest      : Started DemoTradingControllerWebMvcTest in 0.16 seconds (process running for 4.192)
2026-03-09T23:39:40.485+04:00  WARN 84573 --- [    Test worker] c.t.exception.GlobalExceptionHandler     : [TraceID: fd49afc4-b368-4fdc-88ea-29a7349b4525] IllegalArgumentException at /api/v1/demo-trading/reset: confirm=true is required for demo reset
]]></system-out>
  <system-err><![CDATA[]]></system-err>
</testsuite>
