<?xml version="1.0" encoding="UTF-8"?>
<testsuite name="com.tradebot.LiveTradingReconciliationServiceTest" tests="2" skipped="0" failures="0" errors="0" timestamp="2026-03-09T19:39:40" hostname="CamaltekiMacBook-Pro.local" time="0.001">
  <properties/>
  <testcase name="reconcileExecutionDelegatesToOrderStateSyncService()" classname="com.tradebot.LiveTradingReconciliationServiceTest" time="0.001"/>
  <testcase name="scheduledReconcileUsesNewLifecycleStates()" classname="com.tradebot.LiveTradingReconciliationServiceTest" time="0.0"/>
  <system-out><![CDATA[]]></system-out>
  <system-err><![CDATA[]]></system-err>
</testsuite>
