<?xml version="1.0" encoding="UTF-8"?>
<testsuite name="com.tradebot.BinanceCredentialControllerWebMvcTest" tests="3" skipped="0" failures="0" errors="0" timestamp="2026-03-09T19:39:39" hostname="CamaltekiMacBook-Pro.local" time="0.016">
  <properties/>
  <testcase name="statusReturnsBrokenCredentialTruthfully()" classname="com.tradebot.BinanceCredentialControllerWebMvcTest" time="0.01"/>
  <testcase name="testEndpointPreservesTypedCredentialFailures()" classname="com.tradebot.BinanceCredentialControllerWebMvcTest" time="0.004"/>
  <testcase name="testEndpointUsesResolvedSourceAndAuthMode()" classname="com.tradebot.BinanceCredentialControllerWebMvcTest" time="0.002"/>
  <system-out><![CDATA[2026-03-09T23:39:39.014+04:00  INFO 84573 --- [    Test worker] t.c.s.AnnotationConfigContextLoaderUtils : Could not detect default configuration classes for test class [com.tradebot.BinanceCredentialControllerWebMvcTest]: BinanceCredentialControllerWebMvcTest does not declare any static, non-private, non-final, nested classes annotated with @Configuration.
2026-03-09T23:39:39.016+04:00  INFO 84573 --- [    Test worker] .b.t.c.SpringBootTestContextBootstrapper : Found @SpringBootConfiguration com.tradebot.TradeBotApplication for test class com.tradebot.BinanceCredentialControllerWebMvcTest

  .   ____          _            __ _ _
 /\\ / ___'_ __ _ _(_)_ __  __ _ \ \ \ \
( ( )\___ | '_ | '_| | '_ \/ _` | \ \ \ \
 \\/  ___)| |_)| | | | | || (_| |  ) ) ) )
  '  |____| .__|_| |_|_| |_\__, | / / / /
 =========|_|==============|___/=/_/_/_/
 :: Spring Boot ::                (v3.2.4)

2026-03-09T23:39:39.024+04:00  INFO 84573 --- [    Test worker] .t.BinanceCredentialControllerWebMvcTest : Starting BinanceCredentialControllerWebMvcTest using Java 21.0.9 with PID 84573 (started by camal in /Users/camal/Documents/making money/trade/trade bot)
2026-03-09T23:39:39.024+04:00  INFO 84573 --- [    Test worker] .t.BinanceCredentialControllerWebMvcTest : No active profile set, falling back to 1 default profile: "default"
2026-03-09T23:39:39.152+04:00  INFO 84573 --- [    Test worker] o.s.b.t.m.w.SpringBootMockServletContext : Initializing Spring TestDispatcherServlet ''
2026-03-09T23:39:39.152+04:00  INFO 84573 --- [    Test worker] o.s.t.web.servlet.TestDispatcherServlet  : Initializing Servlet ''
2026-03-09T23:39:39.153+04:00  INFO 84573 --- [    Test worker] o.s.t.web.servlet.TestDispatcherServlet  : Completed initialization in 1 ms
2026-03-09T23:39:39.155+04:00  INFO 84573 --- [    Test worker] .t.BinanceCredentialControllerWebMvcTest : Started BinanceCredentialControllerWebMvcTest in 0.138 seconds (process running for 2.904)
2026-03-09T23:39:39.169+04:00  WARN 84573 --- [    Test worker] c.t.c.BinanceCredentialController        : Credential test aborted failureCode=CREDENTIAL_DECRYPT_FAILED source=SECURE_UI_SAVED authMode=ASYMMETRIC_KEYPAIR
2026-03-09T23:39:39.171+04:00  INFO 84573 --- [    Test worker] c.t.c.BinanceCredentialController        : Credential test SUCCESS authMode=ASYMMETRIC_KEYPAIR source=SECURE_UI_SAVED endpointFamily=BINANCE_FUTURES
]]></system-out>
  <system-err><![CDATA[]]></system-err>
</testsuite>
