<?xml version="1.0" encoding="UTF-8"?>
<testsuite name="com.tradebot.DemoTradingControllerWebMvcTest" tests="7" skipped="0" failures="0" errors="0" timestamp="2026-03-08T11:34:23" hostname="CamaltekiMacBook-Pro.local" time="0.074">
  <properties/>
  <testcase name="statusReturns200AndRequiredFields()" classname="com.tradebot.DemoTradingControllerWebMvcTest" time="0.013"/>
  <testcase name="analyticsSummaryRouteReturns200()" classname="com.tradebot.DemoTradingControllerWebMvcTest" time="0.013"/>
  <testcase name="tradesOpenTradesAndTradeByIdRoutesWork()" classname="com.tradebot.DemoTradingControllerWebMvcTest" time="0.021"/>
  <testcase name="cancelRouteReturns200()" classname="com.tradebot.DemoTradingControllerWebMvcTest" time="0.008"/>
  <testcase name="enableDisableAndRunOnceReturn200()" classname="com.tradebot.DemoTradingControllerWebMvcTest" time="0.002"/>
  <testcase name="resetRequiresConfirm()" classname="com.tradebot.DemoTradingControllerWebMvcTest" time="0.003"/>
  <testcase name="aiRoutesReturn200()" classname="com.tradebot.DemoTradingControllerWebMvcTest" time="0.011"/>
  <system-out><![CDATA[2026-03-08T15:34:23.525+04:00  INFO 98901 --- [    Test worker] t.c.s.AnnotationConfigContextLoaderUtils : Could not detect default configuration classes for test class [com.tradebot.DemoTradingControllerWebMvcTest]: DemoTradingControllerWebMvcTest does not declare any static, non-private, non-final, nested classes annotated with @Configuration.
2026-03-08T15:34:23.527+04:00  INFO 98901 --- [    Test worker] .b.t.c.SpringBootTestContextBootstrapper : Found @SpringBootConfiguration com.tradebot.TradeBotApplication for test class com.tradebot.DemoTradingControllerWebMvcTest

  .   ____          _            __ _ _
 /\\ / ___'_ __ _ _(_)_ __  __ _ \ \ \ \
( ( )\___ | '_ | '_| | '_ \/ _` | \ \ \ \
 \\/  ___)| |_)| | | | | || (_| |  ) ) ) )
  '  |____| .__|_| |_|_| |_\__, | / / / /
 =========|_|==============|___/=/_/_/_/
 :: Spring Boot ::                (v3.2.4)

2026-03-08T15:34:23.535+04:00  INFO 98901 --- [    Test worker] c.t.DemoTradingControllerWebMvcTest      : Starting DemoTradingControllerWebMvcTest using Java 21.0.9 with PID 98901 (started by camal in /Users/camal/Documents/trade/trade bot)
2026-03-08T15:34:23.535+04:00  INFO 98901 --- [    Test worker] c.t.DemoTradingControllerWebMvcTest      : No active profile set, falling back to 1 default profile: "default"
2026-03-08T15:34:23.686+04:00  INFO 98901 --- [    Test worker] o.s.b.t.m.w.SpringBootMockServletContext : Initializing Spring TestDispatcherServlet ''
2026-03-08T15:34:23.686+04:00  INFO 98901 --- [    Test worker] o.s.t.web.servlet.TestDispatcherServlet  : Initializing Servlet ''
2026-03-08T15:34:23.686+04:00  INFO 98901 --- [    Test worker] o.s.t.web.servlet.TestDispatcherServlet  : Completed initialization in 0 ms
2026-03-08T15:34:23.689+04:00  INFO 98901 --- [    Test worker] c.t.DemoTradingControllerWebMvcTest      : Started DemoTradingControllerWebMvcTest in 0.161 seconds (process running for 3.475)
2026-03-08T15:34:23.751+04:00  WARN 98901 --- [    Test worker] c.t.exception.GlobalExceptionHandler     : [TraceID: c9abe058-372a-4ac9-bb55-3b466e5010ff] IllegalArgumentException at /api/v1/demo-trading/reset: confirm=true is required for demo reset
]]></system-out>
  <system-err><![CDATA[]]></system-err>
</testsuite>
