<?xml version="1.0" encoding="UTF-8"?>
<testsuite name="com.tradebot.SuggestionBatchServiceTest" tests="3" skipped="0" failures="0" errors="0" timestamp="2026-03-09T19:39:41" hostname="CamaltekiMacBook-Pro.local" time="0.071">
  <properties/>
  <testcase name="acceptBatchRejectsLockedKeyAndDoesNotPersistNewConfigVersion()" classname="com.tradebot.SuggestionBatchServiceTest" time="0.064"/>
  <testcase name="primaryFailsThenFallbackSucceeds_persistsProposedBatchWithMeta()" classname="com.tradebot.SuggestionBatchServiceTest" time="0.005"/>
  <testcase name="invalidJsonClassifiedAsBadJsonAndPersistsFailedRecords()" classname="com.tradebot.SuggestionBatchServiceTest" time="0.002"/>
  <system-out><![CDATA[2026-03-09T23:39:41.937+04:00  INFO 84573 --- [    Test worker] c.t.service.SuggestionBatchService       : 10 trades milestone reached. Generating AI Suggestion Batch...
2026-03-09T23:39:41.941+04:00  INFO 84573 --- [    Test worker] c.t.service.SuggestionBatchService       : AI Suggestion Batch generated successfully. traceId=trace-fallback model=fallback-model
2026-03-09T23:39:41.942+04:00  INFO 84573 --- [    Test worker] c.t.service.SuggestionBatchService       : 10 trades milestone reached. Generating AI Suggestion Batch...
2026-03-09T23:39:41.943+04:00  WARN 84573 --- [    Test worker] c.t.service.SuggestionBatchService       : AI Suggestion Batch failed with OPENROUTER_BAD_JSON traceId=trace-bad-json: OpenRouter returned invalid JSON payload
]]></system-out>
  <system-err><![CDATA[]]></system-err>
</testsuite>
