<?xml version="1.0" encoding="UTF-8"?>
<testsuite name="com.tradebot.ExplainabilityServiceTest" tests="3" skipped="0" failures="0" errors="0" timestamp="2026-03-01T11:52:35" hostname="CamaltekiMacBook-Pro.local" time="0.002">
  <properties/>
  <testcase name="testExplainValidSetup()" classname="com.tradebot.ExplainabilityServiceTest" time="0.001"/>
  <testcase name="testExplainNoTradeNoBias()" classname="com.tradebot.ExplainabilityServiceTest" time="0.001"/>
  <testcase name="testExplainNoTradeRRLow()" classname="com.tradebot.ExplainabilityServiceTest" time="0.0"/>
  <system-out><![CDATA[]]></system-out>
  <system-err><![CDATA[]]></system-err>
</testsuite>
