<?xml version="1.0" encoding="UTF-8"?>
<testsuite name="com.tradebot.ScanChartsAggregationTest" tests="2" skipped="0" failures="0" errors="0" timestamp="2026-03-08T11:34:24" hostname="CamaltekiMacBook-Pro.local" time="0.007">
  <properties/>
  <testcase name="emptyRowsProduceEmptyHistograms()" classname="com.tradebot.ScanChartsAggregationTest" time="0.0"/>
  <testcase name="histogramBinsAreCorrectlyDistributed()" classname="com.tradebot.ScanChartsAggregationTest" time="0.007"/>
  <system-out><![CDATA[]]></system-out>
  <system-err><![CDATA[]]></system-err>
</testsuite>
