<?xml version="1.0" encoding="UTF-8"?>
<testsuite name="com.tradebot.OperatorPermissionCatalogSyncServiceTest" tests="2" skipped="0" failures="0" errors="0" timestamp="2026-03-09T19:39:40" hostname="CamaltekiMacBook-Pro.local" time="0.023">
  <properties/>
  <testcase name="syncCatalogDoesNotOverwriteExistingRows()" classname="com.tradebot.OperatorPermissionCatalogSyncServiceTest" time="0.022"/>
  <testcase name="syncCatalogInsertsMissingKeysWithEnabledTrue()" classname="com.tradebot.OperatorPermissionCatalogSyncServiceTest" time="0.001"/>
  <system-out><![CDATA[2026-03-09T23:39:40.954+04:00  INFO 84573 --- [    Test worker] t.o.OperatorPermissionCatalogSyncService : Operator permissions bootstrap complete: insertedMissing=0, existing=19
2026-03-09T23:39:40.955+04:00  INFO 84573 --- [    Test worker] t.o.OperatorPermissionCatalogSyncService : Operator permissions bootstrap complete: insertedMissing=19, existing=0
]]></system-out>
  <system-err><![CDATA[]]></system-err>
</testsuite>
