<?xml version="1.0" encoding="UTF-8"?>
<testsuite name="com.tradebot.DemoStrategyConfigServiceTest" tests="2" skipped="0" failures="0" errors="0" timestamp="2026-03-01T11:52:34" hostname="CamaltekiMacBook-Pro.local" time="0.029">
  <properties/>
  <testcase name="acceptingSuggestionsCreatesNewVersion()" classname="com.tradebot.DemoStrategyConfigServiceTest" time="0.025"/>
  <testcase name="outOfRangeSuggestionIsRejected()" classname="com.tradebot.DemoStrategyConfigServiceTest" time="0.004"/>
  <system-out><![CDATA[]]></system-out>
  <system-err><![CDATA[]]></system-err>
</testsuite>
