<?xml version="1.0" encoding="UTF-8"?>
<testsuite name="com.tradebot.LiveTradingReconciliationServiceTest" tests="2" skipped="0" failures="0" errors="0" timestamp="2026-03-08T11:34:24" hostname="CamaltekiMacBook-Pro.local" time="0.004">
  <properties/>
  <testcase name="reconcileMarksProtectionActiveWhenBothAlgoLegsRemainOpen()" classname="com.tradebot.LiveTradingReconciliationServiceTest" time="0.002"/>
  <testcase name="reconcileMarksEmergencyCloseFilledAndPreservesProtectionError()" classname="com.tradebot.LiveTradingReconciliationServiceTest" time="0.002"/>
  <system-out><![CDATA[]]></system-out>
  <system-err><![CDATA[]]></system-err>
</testsuite>
