<?xml version="1.0" encoding="UTF-8"?>
<testsuite name="com.tradebot.SettingsControllerWebMvcTest" tests="7" skipped="0" failures="0" errors="0" timestamp="2026-03-08T11:34:25" hostname="CamaltekiMacBook-Pro.local" time="0.021">
  <properties/>
  <testcase name="postEquityOverrideNull_marksFieldProvidedForClearing()" classname="com.tradebot.SettingsControllerWebMvcTest" time="0.01"/>
  <testcase name="postInvalidInterval_returnsValidationFieldErrors()" classname="com.tradebot.SettingsControllerWebMvcTest" time="0.003"/>
  <testcase name="postSchedulingChangeWhileScanRunning_returnsConflict()" classname="com.tradebot.SettingsControllerWebMvcTest" time="0.001"/>
  <testcase name="postRiskOnlyChangeWhileScanRunning_isAllowed()" classname="com.tradebot.SettingsControllerWebMvcTest" time="0.002"/>
  <testcase name="postAliasRiskMaxBudgetPct_mapsToMaxBudgetPct()" classname="com.tradebot.SettingsControllerWebMvcTest" time="0.002"/>
  <testcase name="postAliasIntervalMinutes_mapsToScanIntervalMinutes()" classname="com.tradebot.SettingsControllerWebMvcTest" time="0.001"/>
  <testcase name="postPartialBooleanUpdate_allowsMissingInterval()" classname="com.tradebot.SettingsControllerWebMvcTest" time="0.001"/>
  <system-out><![CDATA[2026-03-08T15:34:25.219+04:00  INFO 98901 --- [    Test worker] t.c.s.AnnotationConfigContextLoaderUtils : Could not detect default configuration classes for test class [com.tradebot.SettingsControllerWebMvcTest]: SettingsControllerWebMvcTest does not declare any static, non-private, non-final, nested classes annotated with @Configuration.
2026-03-08T15:34:25.221+04:00  INFO 98901 --- [    Test worker] .b.t.c.SpringBootTestContextBootstrapper : Found @SpringBootConfiguration com.tradebot.TradeBotApplication for test class com.tradebot.SettingsControllerWebMvcTest

  .   ____          _            __ _ _
 /\\ / ___'_ __ _ _(_)_ __  __ _ \ \ \ \
( ( )\___ | '_ | '_| | '_ \/ _` | \ \ \ \
 \\/  ___)| |_)| | | | | || (_| |  ) ) ) )
  '  |____| .__|_| |_|_| |_\__, | / / / /
 =========|_|==============|___/=/_/_/_/
 :: Spring Boot ::                (v3.2.4)

2026-03-08T15:34:25.226+04:00  INFO 98901 --- [    Test worker] c.tradebot.SettingsControllerWebMvcTest  : Starting SettingsControllerWebMvcTest using Java 21.0.9 with PID 98901 (started by camal in /Users/camal/Documents/trade/trade bot)
2026-03-08T15:34:25.226+04:00  INFO 98901 --- [    Test worker] c.tradebot.SettingsControllerWebMvcTest  : No active profile set, falling back to 1 default profile: "default"
2026-03-08T15:34:25.293+04:00  INFO 98901 --- [    Test worker] o.s.b.t.m.w.SpringBootMockServletContext : Initializing Spring TestDispatcherServlet ''
2026-03-08T15:34:25.293+04:00  INFO 98901 --- [    Test worker] o.s.t.web.servlet.TestDispatcherServlet  : Initializing Servlet ''
2026-03-08T15:34:25.293+04:00  INFO 98901 --- [    Test worker] o.s.t.web.servlet.TestDispatcherServlet  : Completed initialization in 0 ms
2026-03-08T15:34:25.295+04:00  INFO 98901 --- [    Test worker] c.tradebot.SettingsControllerWebMvcTest  : Started SettingsControllerWebMvcTest in 0.074 seconds (process running for 5.082)
2026-03-08T15:34:25.308+04:00  WARN 98901 --- [    Test worker] c.t.exception.GlobalExceptionHandler     : [TraceID: 89487214-23b2-4b8a-98ce-ce07af22fd15] Validation error at /api/v1/settings: {scanIntervalMinutes=Scan interval must be at least 1 minute}
2026-03-08T15:34:25.310+04:00  WARN 98901 --- [    Test worker] c.t.exception.GlobalExceptionHandler     : [TraceID: 4e82b9d5-13cc-480f-9907-e896e3df7546] ScanRunningException at /api/v1/settings: Cannot change scheduling while scan is running.
]]></system-out>
  <system-err><![CDATA[]]></system-err>
</testsuite>
