<?xml version="1.0" encoding="UTF-8"?>
<testsuite name="com.tradebot.ExchangeExecutionPreflightServiceTest" tests="3" skipped="0" failures="0" errors="0" timestamp="2026-03-09T19:39:40" hostname="CamaltekiMacBook-Pro.local" time="0.005">
  <properties/>
  <testcase name="roundsOrderPayloadsUsingExchangeFilters()" classname="com.tradebot.ExchangeExecutionPreflightServiceTest" time="0.003"/>
  <testcase name="rejectsMinNotionalAfterRounding()" classname="com.tradebot.ExchangeExecutionPreflightServiceTest" time="0.001"/>
  <testcase name="rejectsUnsafeProtectionDirectionAgainstLiveMarkPrice()" classname="com.tradebot.ExchangeExecutionPreflightServiceTest" time="0.001"/>
  <system-out><![CDATA[]]></system-out>
  <system-err><![CDATA[]]></system-err>
</testsuite>
