<?xml version="1.0" encoding="UTF-8"?>
<testsuite name="com.tradebot.AppSettingsServiceTest" tests="2" skipped="0" failures="0" errors="0" timestamp="2026-03-08T11:34:22" hostname="CamaltekiMacBook-Pro.local" time="0.001">
  <properties/>
  <testcase name="getSettingsDelegatesToControlCenterProvider()" classname="com.tradebot.AppSettingsServiceTest" time="0.001"/>
  <testcase name="updateSettingsDelegatesToControlCenterProvider()" classname="com.tradebot.AppSettingsServiceTest" time="0.0"/>
  <system-out><![CDATA[]]></system-out>
  <system-err><![CDATA[]]></system-err>
</testsuite>
