<?xml version="1.0" encoding="UTF-8"?>
<testsuite name="com.tradebot.BinanceCredentialControllerWebMvcTest" tests="3" skipped="0" failures="0" errors="0" timestamp="2026-03-08T11:34:22" hostname="CamaltekiMacBook-Pro.local" time="0.017">
  <properties/>
  <testcase name="statusReturnsBrokenCredentialTruthfully()" classname="com.tradebot.BinanceCredentialControllerWebMvcTest" time="0.01"/>
  <testcase name="testEndpointPreservesTypedCredentialFailures()" classname="com.tradebot.BinanceCredentialControllerWebMvcTest" time="0.003"/>
  <testcase name="testEndpointUsesResolvedSourceAndAuthMode()" classname="com.tradebot.BinanceCredentialControllerWebMvcTest" time="0.002"/>
  <system-out><![CDATA[2026-03-08T15:34:22.830+04:00  INFO 98901 --- [    Test worker] t.c.s.AnnotationConfigContextLoaderUtils : Could not detect default configuration classes for test class [com.tradebot.BinanceCredentialControllerWebMvcTest]: BinanceCredentialControllerWebMvcTest does not declare any static, non-private, non-final, nested classes annotated with @Configuration.
2026-03-08T15:34:22.832+04:00  INFO 98901 --- [    Test worker] .b.t.c.SpringBootTestContextBootstrapper : Found @SpringBootConfiguration com.tradebot.TradeBotApplication for test class com.tradebot.BinanceCredentialControllerWebMvcTest

  .   ____          _            __ _ _
 /\\ / ___'_ __ _ _(_)_ __  __ _ \ \ \ \
( ( )\___ | '_ | '_| | '_ \/ _` | \ \ \ \
 \\/  ___)| |_)| | | | | || (_| |  ) ) ) )
  '  |____| .__|_| |_|_| |_\__, | / / / /
 =========|_|==============|___/=/_/_/_/
 :: Spring Boot ::                (v3.2.4)

2026-03-08T15:34:22.840+04:00  INFO 98901 --- [    Test worker] .t.BinanceCredentialControllerWebMvcTest : Starting BinanceCredentialControllerWebMvcTest using Java 21.0.9 with PID 98901 (started by camal in /Users/camal/Documents/trade/trade bot)
2026-03-08T15:34:22.840+04:00  INFO 98901 --- [    Test worker] .t.BinanceCredentialControllerWebMvcTest : No active profile set, falling back to 1 default profile: "default"
2026-03-08T15:34:22.979+04:00  INFO 98901 --- [    Test worker] o.s.b.t.m.w.SpringBootMockServletContext : Initializing Spring TestDispatcherServlet ''
2026-03-08T15:34:22.979+04:00  INFO 98901 --- [    Test worker] o.s.t.web.servlet.TestDispatcherServlet  : Initializing Servlet ''
2026-03-08T15:34:22.979+04:00  INFO 98901 --- [    Test worker] o.s.t.web.servlet.TestDispatcherServlet  : Completed initialization in 0 ms
2026-03-08T15:34:22.983+04:00  INFO 98901 --- [    Test worker] .t.BinanceCredentialControllerWebMvcTest : Started BinanceCredentialControllerWebMvcTest in 0.15 seconds (process running for 2.769)
2026-03-08T15:34:22.997+04:00  WARN 98901 --- [    Test worker] c.t.c.BinanceCredentialController        : Credential test aborted failureCode=CREDENTIAL_DECRYPT_FAILED source=SECURE_UI_SAVED authMode=ASYMMETRIC_KEYPAIR
2026-03-08T15:34:23.000+04:00  INFO 98901 --- [    Test worker] c.t.c.BinanceCredentialController        : Credential test SUCCESS authMode=ASYMMETRIC_KEYPAIR source=SECURE_UI_SAVED endpointFamily=BINANCE_FUTURES
]]></system-out>
  <system-err><![CDATA[]]></system-err>
</testsuite>
