<?xml version="1.0" encoding="UTF-8"?>
<testsuite name="com.tradebot.NotFoundContractsWebMvcTest" tests="3" skipped="0" failures="0" errors="0" timestamp="2026-03-09T19:39:40" hostname="CamaltekiMacBook-Pro.local" time="0.059">
  <properties/>
  <testcase name="missingRecommendationReturns404Envelope()" classname="com.tradebot.NotFoundContractsWebMvcTest" time="0.01"/>
  <testcase name="missingScanSummaryReturns404Envelope()" classname="com.tradebot.NotFoundContractsWebMvcTest" time="0.045"/>
  <testcase name="missingScanReplayReturns404Envelope()" classname="com.tradebot.NotFoundContractsWebMvcTest" time="0.004"/>
  <system-out><![CDATA[2026-03-09T23:39:40.856+04:00  INFO 84573 --- [    Test worker] o.s.mock.web.MockServletContext          : Initializing Spring TestDispatcherServlet ''
2026-03-09T23:39:40.856+04:00  INFO 84573 --- [    Test worker] o.s.t.web.servlet.TestDispatcherServlet  : Initializing Servlet ''
2026-03-09T23:39:40.857+04:00  INFO 84573 --- [    Test worker] o.s.t.web.servlet.TestDispatcherServlet  : Completed initialization in 1 ms
2026-03-09T23:39:40.857+04:00  WARN 84573 --- [    Test worker] c.t.exception.GlobalExceptionHandler     : [TraceID: 92844900-5029-4fe4-b0b2-3274f27b6fcc] NotFound at /api/v1/recommendations/00000000-0000-0000-0000-000000000001: Recommendation not found: 00000000-0000-0000-0000-000000000001
2026-03-09T23:39:40.902+04:00  INFO 84573 --- [    Test worker] o.s.mock.web.MockServletContext          : Initializing Spring TestDispatcherServlet ''
2026-03-09T23:39:40.902+04:00  INFO 84573 --- [    Test worker] o.s.t.web.servlet.TestDispatcherServlet  : Initializing Servlet ''
2026-03-09T23:39:40.902+04:00  INFO 84573 --- [    Test worker] o.s.t.web.servlet.TestDispatcherServlet  : Completed initialization in 0 ms
2026-03-09T23:39:40.903+04:00  WARN 84573 --- [    Test worker] c.t.exception.GlobalExceptionHandler     : [TraceID: 1bf908c1-3c69-4974-9bc8-fdb09eab4374] NotFound at /api/v1/scans/00000000-0000-0000-0000-000000000002: Scan run not found: 00000000-0000-0000-0000-000000000002
2026-03-09T23:39:40.906+04:00  INFO 84573 --- [    Test worker] o.s.mock.web.MockServletContext          : Initializing Spring TestDispatcherServlet ''
2026-03-09T23:39:40.906+04:00  INFO 84573 --- [    Test worker] o.s.t.web.servlet.TestDispatcherServlet  : Initializing Servlet ''
2026-03-09T23:39:40.907+04:00  INFO 84573 --- [    Test worker] o.s.t.web.servlet.TestDispatcherServlet  : Completed initialization in 0 ms
2026-03-09T23:39:40.907+04:00  WARN 84573 --- [    Test worker] c.t.exception.GlobalExceptionHandler     : [TraceID: a11c24e0-289a-4902-b22c-a9606ee61640] NotFound at /api/v1/scans/00000000-0000-0000-0000-000000000003/replay: Scan run not found: 00000000-0000-0000-0000-000000000003
]]></system-out>
  <system-err><![CDATA[]]></system-err>
</testsuite>
