<?xml version="1.0" encoding="UTF-8"?>
<testsuite name="com.tradebot.GlobalExceptionHandlerTest" tests="7" skipped="0" failures="0" errors="0" timestamp="2026-03-01T11:52:35" hostname="CamaltekiMacBook-Pro.local" time="0.046">
  <properties/>
  <testcase name="invalidUuidMapsToValidation()" classname="com.tradebot.GlobalExceptionHandlerTest" time="0.0"/>
  <testcase name="webClientRequestExceptionMapsOpenRouterNetwork()" classname="com.tradebot.GlobalExceptionHandlerTest" time="0.0"/>
  <testcase name="testValidationExceptionMapping()" classname="com.tradebot.GlobalExceptionHandlerTest" time="0.027"/>
  <testcase name="webClientRequestExceptionMapsBinanceNetwork()" classname="com.tradebot.GlobalExceptionHandlerTest" time="0.0"/>
  <testcase name="testBinanceRateLimitHandling()" classname="com.tradebot.GlobalExceptionHandlerTest" time="0.018"/>
  <testcase name="aiBadJsonMapsToUnprocessableEntity()" classname="com.tradebot.GlobalExceptionHandlerTest" time="0.0"/>
  <testcase name="aiInternalMapsToBadGatewayWithoutGenericInternalCode()" classname="com.tradebot.GlobalExceptionHandlerTest" time="0.0"/>
  <system-out><![CDATA[2026-03-01T15:52:35.294+04:00  WARN 64082 --- [trade-bot] [    Test worker] c.t.exception.GlobalExceptionHandler     : [TraceID: 1eadd2ae-9eba-4c77-80f0-b164a7637b7a] Type mismatch at /api/v1/recommendations/not-a-uuid/placeability: Failed to convert value of type 'java.lang.String' to required type 'java.util.UUID'; Invalid UUID
2026-03-01T15:52:35.294+04:00 ERROR 64082 --- [trade-bot] [    Test worker] c.t.exception.GlobalExceptionHandler     : [TraceID: b38fac57-ef34-47c6-90b4-bb8d367d0a9b] OPENROUTER_NETWORK at /api/v1/ai/suggestions/latest: Operation timed out
2026-03-01T15:52:35.321+04:00  WARN 64082 --- [trade-bot] [    Test worker] c.t.exception.GlobalExceptionHandler     : [TraceID: 874f9365-1015-4276-8be6-2206ed65ea17] Validation error at /api/v1/settings: {budgetUsdt=Budget USDT must be strictly positive}
2026-03-01T15:52:35.322+04:00 ERROR 64082 --- [trade-bot] [    Test worker] c.t.exception.GlobalExceptionHandler     : [TraceID: 9531663d-1900-46db-ba34-6a02298936fe] BINANCE_NETWORK at /api/v1/recommendations/1/placeability: Operation timed out
2026-03-01T15:52:35.339+04:00 ERROR 64082 --- [trade-bot] [    Test worker] c.t.exception.GlobalExceptionHandler     : [TraceID: accc34de-5e6a-46fd-a844-c057a0812eac] BINANCE_RATE_LIMIT at /api/v1/trade: 429 Too Many Requests from GET https://fapi.binance.com/fapi/v1/premiumIndex
2026-03-01T15:52:35.339+04:00 ERROR 64082 --- [trade-bot] [    Test worker] c.t.exception.GlobalExceptionHandler     : [TraceID: f1d96857-c07d-4071-a195-0f2c09b9bc92] OPENROUTER_BAD_JSON at /api/v1/demo-trading/ai/suggestions/generate-now: Invalid JSON
2026-03-01T15:52:35.340+04:00 ERROR 64082 --- [trade-bot] [    Test worker] c.t.exception.GlobalExceptionHandler     : [TraceID: dda8d7d1-b10b-46d3-9154-a68acdd7c17f] OPENROUTER_INTERNAL at /api/v1/ai/suggestions/latest: Provider internal error
]]></system-out>
  <system-err><![CDATA[]]></system-err>
</testsuite>
