<?xml version="1.0" encoding="UTF-8"?>
<testsuite name="com.tradebot.DemoStrategyConfigServiceTest" tests="2" skipped="0" failures="0" errors="0" timestamp="2026-03-09T19:39:40" hostname="CamaltekiMacBook-Pro.local" time="0.044">
  <properties/>
  <testcase name="acceptingSuggestionsCreatesNewVersion()" classname="com.tradebot.DemoStrategyConfigServiceTest" time="0.041"/>
  <testcase name="outOfRangeSuggestionIsRejected()" classname="com.tradebot.DemoStrategyConfigServiceTest" time="0.003"/>
  <system-out><![CDATA[]]></system-out>
  <system-err><![CDATA[]]></system-err>
</testsuite>
