<?xml version="1.0" encoding="UTF-8"?>
<testsuite name="com.tradebot.SettingsControllerTest" tests="2" skipped="0" failures="0" errors="0" timestamp="2026-03-01T11:52:36" hostname="CamaltekiMacBook-Pro.local" time="0.016">
  <properties/>
  <testcase name="testRiskPreview_BothConstraints()" classname="com.tradebot.SettingsControllerTest" time="0.015"/>
  <testcase name="testRiskPreview_OnlyBudget()" classname="com.tradebot.SettingsControllerTest" time="0.001"/>
  <system-out><![CDATA[]]></system-out>
  <system-err><![CDATA[]]></system-err>
</testsuite>
