<?xml version="1.0" encoding="UTF-8"?>
<testsuite name="com.tradebot.ModelRouterTest" tests="4" skipped="0" failures="0" errors="0" timestamp="2026-03-09T19:39:40" hostname="CamaltekiMacBook-Pro.local" time="0.041">
  <properties/>
  <testcase name="primarySuccessShortCircuitsFallbackChain()" classname="com.tradebot.ModelRouterTest" time="0.04"/>
  <testcase name="retryableFailureFallsBackToNextModel()" classname="com.tradebot.ModelRouterTest" time="0.0"/>
  <testcase name="nonRetryableFailureStopsChain()" classname="com.tradebot.ModelRouterTest" time="0.001"/>
  <testcase name="allFailuresReturnStructuredResultWithoutThrowing()" classname="com.tradebot.ModelRouterTest" time="0.0"/>
  <system-out><![CDATA[2026-03-09T23:39:40.847+04:00  WARN 84573 --- [    Test worker] com.tradebot.ai.ModelRouter              : All AI model attempts failed for task=SUGGESTION_BATCH mode=LIVE traceId=58d7fdb9-2de1-4a47-9025-de495cee8812 errorCode=OPENROUTER_AUTH
2026-03-09T23:39:40.848+04:00  WARN 84573 --- [    Test worker] com.tradebot.ai.ModelRouter              : All AI model attempts failed for task=SUGGESTION_BATCH mode=DEMO traceId=5e7569ec-a7b0-4119-8857-77341d60b9de errorCode=OPENROUTER_INTERNAL
]]></system-out>
  <system-err><![CDATA[]]></system-err>
</testsuite>
