<?xml version="1.0" encoding="UTF-8"?>
<testsuite name="com.tradebot.AiSuggestionConfigTest" tests="2" skipped="0" failures="0" errors="0" timestamp="2026-03-08T11:34:22" hostname="CamaltekiMacBook-Pro.local" time="0.003">
  <properties/>
  <testcase name="testTpCalculations()" classname="com.tradebot.AiSuggestionConfigTest" time="0.002"/>
  <testcase name="testWeightsNormalization()" classname="com.tradebot.AiSuggestionConfigTest" time="0.001"/>
  <system-out><![CDATA[]]></system-out>
  <system-err><![CDATA[]]></system-err>
</testsuite>
