<?xml version="1.0" encoding="UTF-8"?>
<testsuite name="com.tradebot.SettingsControllerWebMvcTest" tests="7" skipped="0" failures="0" errors="0" timestamp="2026-03-01T11:52:36" hostname="CamaltekiMacBook-Pro.local" time="0.025">
  <properties/>
  <testcase name="postEquityOverrideNull_marksFieldProvidedForClearing()" classname="com.tradebot.SettingsControllerWebMvcTest" time="0.01"/>
  <testcase name="postInvalidInterval_returnsValidationFieldErrors()" classname="com.tradebot.SettingsControllerWebMvcTest" time="0.004"/>
  <testcase name="postSchedulingChangeWhileScanRunning_returnsConflict()" classname="com.tradebot.SettingsControllerWebMvcTest" time="0.002"/>
  <testcase name="postRiskOnlyChangeWhileScanRunning_isAllowed()" classname="com.tradebot.SettingsControllerWebMvcTest" time="0.003"/>
  <testcase name="postAliasRiskMaxBudgetPct_mapsToMaxBudgetPct()" classname="com.tradebot.SettingsControllerWebMvcTest" time="0.002"/>
  <testcase name="postAliasIntervalMinutes_mapsToScanIntervalMinutes()" classname="com.tradebot.SettingsControllerWebMvcTest" time="0.002"/>
  <testcase name="postPartialBooleanUpdate_allowsMissingInterval()" classname="com.tradebot.SettingsControllerWebMvcTest" time="0.001"/>
  <system-out><![CDATA[2026-03-01T15:52:36.204+04:00  INFO 64082 --- [trade-bot] [    Test worker] t.c.s.AnnotationConfigContextLoaderUtils : Could not detect default configuration classes for test class [com.tradebot.SettingsControllerWebMvcTest]: SettingsControllerWebMvcTest does not declare any static, non-private, non-final, nested classes annotated with @Configuration.
2026-03-01T15:52:36.205+04:00  INFO 64082 --- [trade-bot] [    Test worker] .b.t.c.SpringBootTestContextBootstrapper : Found @SpringBootConfiguration com.tradebot.TradeBotApplication for test class com.tradebot.SettingsControllerWebMvcTest

  .   ____          _            __ _ _
 /\\ / ___'_ __ _ _(_)_ __  __ _ \ \ \ \
( ( )\___ | '_ | '_| | '_ \/ _` | \ \ \ \
 \\/  ___)| |_)| | | | | || (_| |  ) ) ) )
  '  |____| .__|_| |_|_| |_\__, | / / / /
 =========|_|==============|___/=/_/_/_/
 :: Spring Boot ::                (v3.2.4)

2026-03-01T15:52:36.211+04:00  INFO 64082 --- [trade-bot] [    Test worker] c.tradebot.SettingsControllerWebMvcTest  : Starting SettingsControllerWebMvcTest using Java 21.0.9 with PID 64082 (started by camal in /Users/camal/Documents/trade/trade bot)
2026-03-01T15:52:36.211+04:00  INFO 64082 --- [trade-bot] [    Test worker] c.tradebot.SettingsControllerWebMvcTest  : No active profile set, falling back to 1 default profile: "default"
2026-03-01T15:52:36.269+04:00  INFO 64082 --- [trade-bot] [    Test worker] o.s.b.t.m.w.SpringBootMockServletContext : Initializing Spring TestDispatcherServlet ''
2026-03-01T15:52:36.269+04:00  INFO 64082 --- [trade-bot] [    Test worker] o.s.t.web.servlet.TestDispatcherServlet  : Initializing Servlet ''
2026-03-01T15:52:36.269+04:00  INFO 64082 --- [trade-bot] [    Test worker] o.s.t.web.servlet.TestDispatcherServlet  : Completed initialization in 0 ms
2026-03-01T15:52:36.271+04:00  INFO 64082 --- [trade-bot] [    Test worker] c.tradebot.SettingsControllerWebMvcTest  : Started SettingsControllerWebMvcTest in 0.066 seconds (process running for 4.047)
2026-03-01T15:52:36.285+04:00  WARN 64082 --- [trade-bot] [    Test worker] c.t.exception.GlobalExceptionHandler     : [TraceID: cf808a6e-4707-44ed-85cf-cb5b73226bd3] Validation error at /api/v1/settings: {scanIntervalMinutes=Scan interval must be at least 1 minute}
2026-03-01T15:52:36.288+04:00  WARN 64082 --- [trade-bot] [    Test worker] c.t.exception.GlobalExceptionHandler     : [TraceID: ccbe58f8-ff23-4480-b8af-fde7dacecd9d] ScanRunningException at /api/v1/settings: Cannot change scheduling while scan is running.
]]></system-out>
  <system-err><![CDATA[]]></system-err>
</testsuite>
