<?xml version="1.0" encoding="UTF-8"?>
<testsuite name="com.tradebot.ModelRouterTest" tests="4" skipped="0" failures="0" errors="0" timestamp="2026-03-01T11:52:35" hostname="CamaltekiMacBook-Pro.local" time="0.018">
  <properties/>
  <testcase name="primarySuccessShortCircuitsFallbackChain()" classname="com.tradebot.ModelRouterTest" time="0.016"/>
  <testcase name="retryableFailureFallsBackToNextModel()" classname="com.tradebot.ModelRouterTest" time="0.0"/>
  <testcase name="nonRetryableFailureStopsChain()" classname="com.tradebot.ModelRouterTest" time="0.001"/>
  <testcase name="allFailuresReturnStructuredResultWithoutThrowing()" classname="com.tradebot.ModelRouterTest" time="0.0"/>
  <system-out><![CDATA[2026-03-01T15:52:35.357+04:00  WARN 64082 --- [trade-bot] [    Test worker] com.tradebot.ai.ModelRouter              : All AI model attempts failed for task=SUGGESTION_BATCH mode=LIVE traceId=2e71cc31-8465-4c5a-b25f-6fbfccb39888 errorCode=OPENROUTER_AUTH
2026-03-01T15:52:35.357+04:00  WARN 64082 --- [trade-bot] [    Test worker] com.tradebot.ai.ModelRouter              : All AI model attempts failed for task=SUGGESTION_BATCH mode=DEMO traceId=4422b4f1-65a5-4a06-a63b-47f06e8fc8d2 errorCode=OPENROUTER_INTERNAL
]]></system-out>
  <system-err><![CDATA[]]></system-err>
</testsuite>
