<?xml version="1.0" encoding="UTF-8"?>
<testsuite name="com.tradebot.DemoAiIsolationGuardTest" tests="2" skipped="0" failures="0" errors="0" timestamp="2026-03-01T11:52:34" hostname="CamaltekiMacBook-Pro.local" time="0.001">
  <properties/>
  <testcase name="demoAiSuggestionServiceDoesNotDependOnLiveAiTypes()" classname="com.tradebot.DemoAiIsolationGuardTest" time="0.001"/>
  <testcase name="demoStrategyConfigServiceDoesNotDependOnLiveAiTypes()" classname="com.tradebot.DemoAiIsolationGuardTest" time="0.0"/>
  <system-out><![CDATA[]]></system-out>
  <system-err><![CDATA[]]></system-err>
</testsuite>
