<?xml version="1.0" encoding="UTF-8"?>
<testsuite name="com.tradebot.StartupConfigValidatorTest" tests="4" skipped="0" failures="0" errors="0" timestamp="2026-03-09T19:39:41" hostname="CamaltekiMacBook-Pro.local" time="0.002">
  <properties/>
  <testcase name="throwsWhenAiTimeoutIsBelowMinimum()" classname="com.tradebot.StartupConfigValidatorTest" time="0.001"/>
  <testcase name="acceptsValidCriticalConfiguration()" classname="com.tradebot.StartupConfigValidatorTest" time="0.0"/>
  <testcase name="throwsWhenPlaceholderPasswordIsUsed()" classname="com.tradebot.StartupConfigValidatorTest" time="0.0"/>
  <testcase name="throwsWhenCriticalDatasourceConfigMissing()" classname="com.tradebot.StartupConfigValidatorTest" time="0.001"/>
  <system-out><![CDATA[]]></system-out>
  <system-err><![CDATA[]]></system-err>
</testsuite>
