<?xml version="1.0" encoding="UTF-8"?>
<testsuite name="com.tradebot.BinanceCredentialServiceTest" tests="6" skipped="0" failures="0" errors="0" timestamp="2026-03-08T11:34:23" hostname="CamaltekiMacBook-Pro.local" time="0.031">
  <properties/>
  <testcase name="brokenLegacyDatabaseRecordDoesNotFallBackToYaml()" classname="com.tradebot.BinanceCredentialServiceTest" time="0.023"/>
  <testcase name="saveCredentialsPersistsPlaintextSecretAndResolvesRoundTrip()" classname="com.tradebot.BinanceCredentialServiceTest" time="0.001"/>
  <testcase name="changingAuthModeRequiresReplacementSecretMaterial()" classname="com.tradebot.BinanceCredentialServiceTest" time="0.001"/>
  <testcase name="malformedAsymmetricRecordIsReportedAsBrokenInsteadOfConfigured()" classname="com.tradebot.BinanceCredentialServiceTest" time="0.0"/>
  <testcase name="yamlFallbackIsUsedOnlyWhenNoDatabaseRecordExists()" classname="com.tradebot.BinanceCredentialServiceTest" time="0.001"/>
  <testcase name="saveCredentialsPreservesAsymmetricAuthModeAndNormalizesPem()" classname="com.tradebot.BinanceCredentialServiceTest" time="0.005"/>
  <system-out><![CDATA[]]></system-out>
  <system-err><![CDATA[]]></system-err>
</testsuite>
