<?xml version="1.0" encoding="UTF-8"?>
<testsuite name="com.tradebot.LiveTradingExecutionServiceTest" tests="6" skipped="0" failures="0" errors="0" timestamp="2026-03-08T11:34:23" hostname="CamaltekiMacBook-Pro.local" time="0.099">
  <properties/>
  <testcase name="stopLossFailureSubmitsEmergencyCloseUsingResolvedPositionQuantity()" classname="com.tradebot.LiveTradingExecutionServiceTest" time="0.084"/>
  <testcase name="duplicateClientRequestIdRaceReturnsExistingAttemptAfterUniqueConstraintCollision()" classname="com.tradebot.LiveTradingExecutionServiceTest" time="0.002"/>
  <testcase name="duplicateClientRequestIdReturnsExistingAttemptWithoutResubmitting()" classname="com.tradebot.LiveTradingExecutionServiceTest" time="0.0"/>
  <testcase name="blockedPreflightPersistsWithoutCallingBinance()" classname="com.tradebot.LiveTradingExecutionServiceTest" time="0.003"/>
  <testcase name="protectionSuccessTransitionsToProtectionActiveAndReconciles()" classname="com.tradebot.LiveTradingExecutionServiceTest" time="0.004"/>
  <testcase name="takeProfitFailureKeepsProtectionFailedWithoutEmergencyCloseWhenStopLossIsActive()" classname="com.tradebot.LiveTradingExecutionServiceTest" time="0.004"/>
  <system-out><![CDATA[]]></system-out>
  <system-err><![CDATA[]]></system-err>
</testsuite>
