<?xml version="1.0" encoding="UTF-8"?>
<testsuite name="com.tradebot.DemoSuggestionValidationServiceTest" tests="3" skipped="0" failures="0" errors="0" timestamp="2026-03-09T19:39:40" hostname="CamaltekiMacBook-Pro.local" time="0.004">
  <properties/>
  <testcase name="rejectsUnknownKey()" classname="com.tradebot.DemoSuggestionValidationServiceTest" time="0.001"/>
  <testcase name="rejectsOutOfRangeProposal()" classname="com.tradebot.DemoSuggestionValidationServiceTest" time="0.001"/>
  <testcase name="mergeNormalizesWeightsAndKeepsTp3Constraint()" classname="com.tradebot.DemoSuggestionValidationServiceTest" time="0.001"/>
  <system-out><![CDATA[]]></system-out>
  <system-err><![CDATA[]]></system-err>
</testsuite>
