<?xml version="1.0" encoding="UTF-8"?>
<testsuite name="com.tradebot.BudgetTargetAutoExecutionQueryServiceTest" tests="1" skipped="0" failures="0" errors="0" timestamp="2026-03-09T19:39:39" hostname="CamaltekiMacBook-Pro.local" time="0.037">
  <properties/>
  <testcase name="toSessionDtoExposesStructuredStopAndFailureFields()" classname="com.tradebot.BudgetTargetAutoExecutionQueryServiceTest" time="0.037"/>
  <system-out><![CDATA[]]></system-out>
  <system-err><![CDATA[]]></system-err>
</testsuite>
