<?xml version="1.0" encoding="UTF-8"?>
<testsuite name="com.tradebot.LiveExecutionEngineServiceTest" tests="7" skipped="0" failures="0" errors="0" timestamp="2026-03-09T19:39:40" hostname="CamaltekiMacBook-Pro.local" time="0.064">
  <properties/>
  <testcase name="entrySuccessWithTakeProfitFailureReturnsActiveCriticalState()" classname="com.tradebot.LiveExecutionEngineServiceTest" time="0.051"/>
  <testcase name="entrySubmitFailureIsStoredAsFailedWithoutRetryingSubmit()" classname="com.tradebot.LiveExecutionEngineServiceTest" time="0.003"/>
  <testcase name="safeCloseCancelsStaleProtectionOrdersAndResolvesFlatWithoutResubmitting()" classname="com.tradebot.LiveExecutionEngineServiceTest" time="0.002"/>
  <testcase name="safeCloseReusesExistingEmergencyCloseInsteadOfSubmittingDuplicate()" classname="com.tradebot.LiveExecutionEngineServiceTest" time="0.001"/>
  <testcase name="duplicateRequestReturnsExistingExecutionWithoutSecondSubmit()" classname="com.tradebot.LiveExecutionEngineServiceTest" time="0.001"/>
  <testcase name="safeCloseTimeoutReturnsTimedOutAndKeepsExecutionReconcilable()" classname="com.tradebot.LiveExecutionEngineServiceTest" time="0.001"/>
  <testcase name="allocatePositionSlotHonorsLockedThreePositionCapForDirtySessionRows()" classname="com.tradebot.LiveExecutionEngineServiceTest" time="0.003"/>
  <system-out><![CDATA[]]></system-out>
  <system-err><![CDATA[]]></system-err>
</testsuite>
