<?xml version="1.0" encoding="UTF-8"?>
<testsuite name="com.tradebot.DemoTradingSchedulerTest" tests="4" skipped="0" failures="0" errors="0" timestamp="2026-03-01T11:52:35" hostname="CamaltekiMacBook-Pro.local" time="0.019">
  <properties/>
  <testcase name="scheduledCycleTickSkipsWhenDemoKeysMissing()" classname="com.tradebot.DemoTradingSchedulerTest" time="0.016"/>
  <testcase name="runOnceNowFailsWhenDemoKeysMissing()" classname="com.tradebot.DemoTradingSchedulerTest" time="0.002"/>
  <testcase name="scheduledMonitorTickSkipsWhenDemoKeysMissing()" classname="com.tradebot.DemoTradingSchedulerTest" time="0.001"/>
  <testcase name="initFailsFastWhenAutostartEnabledAndDemoKeysMissing()" classname="com.tradebot.DemoTradingSchedulerTest" time="0.0"/>
  <system-out><![CDATA[2026-03-01T15:52:35.286+04:00  WARN 64082 --- [trade-bot] [    Test worker] c.t.demo.service.DemoTradingScheduler    : Skipping scheduled demo cycle: Demo trading requires DEMOBINANCE_API_KEY and DEMOBINANCE_API_SECRET to be configured.
2026-03-01T15:52:35.289+04:00  WARN 64082 --- [trade-bot] [    Test worker] c.t.demo.service.DemoTradingScheduler    : Skipping scheduled demo monitor tick: Demo trading requires DEMOBINANCE_API_KEY and DEMOBINANCE_API_SECRET to be configured.
]]></system-out>
  <system-err><![CDATA[]]></system-err>
</testsuite>
